# JRE version: Java(TM) SE Runtime Environment (17.0.3.1+2) (build 17.0.3.1+2-LTS-6)
# Java VM: Java HotSpot(TM) 64-Bit Server VM (17.0.3.1+2-LTS-6, mixed mode, sharing, tiered, compressed oops, compressed class ptrs, g1 gc, windows-amd64)
GC Precious Log:
 CPUs: 4 total, 4 available
 Memory: 8140M
 Large Page Support: Disabled
 NUMA Support: Disabled
 Compressed Oops: Enabled (Zero based)
 Heap Region Size: 8M
 Heap Min Capacity: 1G
 Heap Initial Capacity: 1G
 Heap Max Capacity: 3G
 Pre-touch: Enabled
 Parallel Workers: 4
 Concurrent Workers: 1
 Concurrent Refinement Workers: 4
 Periodic GC: Disabled
Heap:
 garbage-first heap   total 1048576K, used 444018K [0x0000000740000000, 0x0000000800000000)
  region size 8192K, 27 young (221184K), 2 survivors (16384K)
 Metaspace       used 117035K, committed 118080K, reserved 1155072K
  class space    used 17362K, committed 17792K, reserved 1048576K
GC Heap History (20 events):
Event: 10.264 GC heap before
{Heap before GC invocations=9 (full 0):
 garbage-first heap   total 1048576K, used 401408K [0x0000000740000000, 0x0000000800000000)
  region size 8192K, 38 young (311296K), 2 survivors (16384K)
 Metaspace       used 55468K, committed 56064K, reserved 1097728K
  class space    used 8170K, committed 8448K, reserved 1048576K
}
Event: 10.292 GC heap after
{Heap after GC invocations=10 (full 0):
 garbage-first heap   total 1048576K, used 133949K [0x0000000740000000, 0x0000000800000000)
  region size 8192K, 2 young (16384K), 2 survivors (16384K)
 Metaspace       used 55468K, committed 56064K, reserved 1097728K
  class space    used 8170K, committed 8448K, reserved 1048576K
}
Event: 11.674 GC heap before
{Heap before GC invocations=11 (full 0):
 garbage-first heap   total 1048576K, used 428861K [0x0000000740000000, 0x0000000800000000)
  region size 8192K, 38 young (311296K), 2 survivors (16384K)
 Metaspace       used 57643K, committed 58304K, reserved 1105920K
  class space    used 8470K, committed 8768K, reserved 1048576K
}
Event: 11.704 GC heap after
{Heap after GC invocations=12 (full 0):
 garbage-first heap   total 1048576K, used 155648K [0x0000000740000000, 0x0000000800000000)
  region size 8192K, 2 young (16384K), 2 survivors (16384K)
 Metaspace       used 57643K, committed 58304K, reserved 1105920K
  class space    used 8470K, committed 8768K, reserved 1048576K
}
Event: 15.344 GC heap before
{Heap before GC invocations=12 (full 0):
 garbage-first heap   total 1048576K, used 450560K [0x0000000740000000, 0x0000000800000000)
  region size 8192K, 38 young (311296K), 2 survivors (16384K)
 Metaspace       used 83331K, committed 84032K, reserved 1122304K
  class space    used 11083K, committed 11392K, reserved 1048576K
}
Event: 15.391 GC heap after
{Heap after GC invocations=13 (full 0):
 garbage-first heap   total 1048576K, used 184335K [0x0000000740000000, 0x0000000800000000)
  region size 8192K, 2 young (16384K), 2 survivors (16384K)
 Metaspace       used 83331K, committed 84032K, reserved 1122304K
  class space    used 11083K, committed 11392K, reserved 1048576K
}
Event: 16.233 GC heap before
{Heap before GC invocations=13 (full 0):
 garbage-first heap   total 1048576K, used 471055K [0x0000000740000000, 0x0000000800000000)
  region size 8192K, 38 young (311296K), 2 survivors (16384K)
 Metaspace       used 83437K, committed 84224K, reserved 1122304K
  class space    used 11086K, committed 11456K, reserved 1048576K
}
Event: 16.270 GC heap after
{Heap after GC invocations=14 (full 0):
 garbage-first heap   total 1048576K, used 204800K [0x0000000740000000, 0x0000000800000000)
  region size 8192K, 2 young (16384K), 2 survivors (16384K)
 Metaspace       used 83437K, committed 84224K, reserved 1122304K
  class space    used 11086K, committed 11456K, reserved 1048576K
}
Event: 17.595 GC heap before
{Heap before GC invocations=15 (full 0):
 garbage-first heap   total 1048576K, used 606208K [0x0000000740000000, 0x0000000800000000)
  region size 8192K, 51 young (417792K), 2 survivors (16384K)
 Metaspace       used 83903K, committed 84608K, reserved 1122304K
  class space    used 11149K, committed 11456K, reserved 1048576K
}
Event: 17.611 GC heap after
{Heap after GC invocations=16 (full 0):
 garbage-first heap   total 1048576K, used 211351K [0x0000000740000000, 0x0000000800000000)
  region size 8192K, 1 young (8192K), 1 survivors (8192K)
 Metaspace       used 83903K, committed 84608K, reserved 1122304K
  class space    used 11149K, committed 11456K, reserved 1048576K
}
Event: 18.048 GC heap before
{Heap before GC invocations=16 (full 0):
 garbage-first heap   total 1048576K, used 620951K [0x0000000740000000, 0x0000000800000000)
  region size 8192K, 51 young (417792K), 1 survivors (8192K)
 Metaspace       used 83934K, committed 84672K, reserved 1122304K
  class space    used 11152K, committed 11456K, reserved 1048576K
}
Event: 18.051 GC heap after
{Heap after GC invocations=17 (full 0):
 garbage-first heap   total 1048576K, used 212517K [0x0000000740000000, 0x0000000800000000)
  region size 8192K, 1 young (8192K), 1 survivors (8192K)
 Metaspace       used 83934K, committed 84672K, reserved 1122304K
  class space    used 11152K, committed 11456K, reserved 1048576K
}
Event: 18.504 GC heap before
{Heap before GC invocations=18 (full 0):
 garbage-first heap   total 1048576K, used 622117K [0x0000000740000000, 0x0000000800000000)
  region size 8192K, 51 young (417792K), 1 survivors (8192K)
 Metaspace       used 83967K, committed 84672K, reserved 1122304K
  class space    used 11152K, committed 11456K, reserved 1048576K
}
Event: 18.506 GC heap after
{Heap after GC invocations=19 (full 0):
 garbage-first heap   total 1048576K, used 213004K [0x0000000740000000, 0x0000000800000000)
  region size 8192K, 1 young (8192K), 1 survivors (8192K)
 Metaspace       used 83967K, committed 84672K, reserved 1122304K
  class space    used 11152K, committed 11456K, reserved 1048576K
}
Event: 18.893 GC heap before
{Heap before GC invocations=19 (full 0):
 garbage-first heap   total 1048576K, used 622604K [0x0000000740000000, 0x0000000800000000)
  region size 8192K, 51 young (417792K), 1 survivors (8192K)
 Metaspace       used 84037K, committed 84800K, reserved 1122304K
  class space    used 11168K, committed 11520K, reserved 1048576K
}
Event: 18.895 GC heap after
{Heap after GC invocations=20 (full 0):
 garbage-first heap   total 1048576K, used 213286K [0x0000000740000000, 0x0000000800000000)
  region size 8192K, 1 young (8192K), 1 survivors (8192K)
 Metaspace       used 84037K, committed 84800K, reserved 1122304K
  class space    used 11168K, committed 11520K, reserved 1048576K
}
Event: 20.522 GC heap before
{Heap before GC invocations=21 (full 0):
 garbage-first heap   total 1048576K, used 622886K [0x0000000740000000, 0x0000000800000000)
  region size 8192K, 51 young (417792K), 1 survivors (8192K)
 Metaspace       used 89413K, committed 90432K, reserved 1130496K
  class space    used 11829K, committed 12288K, reserved 1048576K
}
Event: 20.537 GC heap after
{Heap after GC invocations=22 (full 0):
 garbage-first heap   total 1048576K, used 233990K [0x0000000740000000, 0x0000000800000000)
  region size 8192K, 2 young (16384K), 2 survivors (16384K)
 Metaspace       used 89413K, committed 90432K, reserved 1130496K
  class space    used 11829K, committed 12288K, reserved 1048576K
}
Event: 24.106 GC heap before
{Heap before GC invocations=22 (full 0):
 garbage-first heap   total 1048576K, used 635398K [0x0000000740000000, 0x0000000800000000)
  region size 8192K, 51 young (417792K), 2 survivors (16384K)
 Metaspace       used 112124K, committed 113152K, reserved 1146880K
  class space    used 16537K, committed 16960K, reserved 1048576K
}
Event: 24.127 GC heap after
{Heap after GC invocations=23 (full 0):
 garbage-first heap   total 1048576K, used 247410K [0x0000000740000000, 0x0000000800000000)
  region size 8192K, 2 young (16384K), 2 survivors (16384K)
 Metaspace       used 112124K, committed 113152K, reserved 1146880K
  class space    used 16537K, committed 16960K, reserved 1048576K
}

