# JRE version: Java(TM) SE Runtime Environment (17.0.3.1+2) (build 17.0.3.1+2-LTS-6)
# Java VM: Java HotSpot(TM) 64-Bit Server VM (17.0.3.1+2-LTS-6, mixed mode, sharing, tiered, compressed oops, compressed class ptrs, g1 gc, windows-amd64)
GC Precious Log:
 CPUs: 4 total, 4 available
 Memory: 8140M
 Large Page Support: Disabled
 NUMA Support: Disabled
 Compressed Oops: Enabled (Zero based)
 Heap Region Size: 8M
 Heap Min Capacity: 1G
 Heap Initial Capacity: 1G
 Heap Max Capacity: 5G
 Pre-touch: Enabled
 Parallel Workers: 4
 Concurrent Workers: 1
 Concurrent Refinement Workers: 4
 Periodic GC: Disabled
Heap:
 garbage-first heap   total 2064384K, used 1391836K [0x00000006c0000000, 0x0000000800000000)
  region size 8192K, 53 young (434176K), 3 survivors (24576K)
 Metaspace       used 169437K, committed 171392K, reserved 1196032K
  class space    used 24013K, committed 24832K, reserved 1048576K
GC Heap History (20 events):
Event: 117.261 GC heap before
{Heap before GC invocations=38 (full 0):
 garbage-first heap   total 1941504K, used 1581028K [0x00000006c0000000, 0x0000000800000000)
  region size 8192K, 71 young (581632K), 3 survivors (24576K)
 Metaspace       used 162678K, committed 164544K, reserved 1196032K
  class space    used 23332K, committed 24128K, reserved 1048576K
}
Event: 117.302 GC heap after
{Heap after GC invocations=39 (full 0):
 garbage-first heap   total 1941504K, used 1036288K [0x00000006c0000000, 0x0000000800000000)
  region size 8192K, 3 young (24576K), 3 survivors (24576K)
 Metaspace       used 162678K, committed 164544K, reserved 1196032K
  class space    used 23332K, committed 24128K, reserved 1048576K
}
Event: 183.755 GC heap before
{Heap before GC invocations=39 (full 0):
 garbage-first heap   total 1941504K, used 1593344K [0x00000006c0000000, 0x0000000800000000)
  region size 8192K, 71 young (581632K), 3 survivors (24576K)
 Metaspace       used 165378K, committed 167232K, reserved 1196032K
  class space    used 23557K, committed 24384K, reserved 1048576K
}
Event: 183.802 GC heap after
{Heap after GC invocations=40 (full 0):
 garbage-first heap   total 1941504K, used 1064960K [0x00000006c0000000, 0x0000000800000000)
  region size 8192K, 3 young (24576K), 3 survivors (24576K)
 Metaspace       used 165378K, committed 167232K, reserved 1196032K
  class space    used 23557K, committed 24384K, reserved 1048576K
}
Event: 200.482 GC heap before
{Heap before GC invocations=40 (full 0):
 garbage-first heap   total 1941504K, used 1613824K [0x00000006c0000000, 0x0000000800000000)
  region size 8192K, 71 young (581632K), 3 survivors (24576K)
 Metaspace       used 166985K, committed 168832K, reserved 1196032K
  class space    used 23762K, committed 24576K, reserved 1048576K
}
Event: 200.570 GC heap after
{Heap after GC invocations=41 (full 0):
 garbage-first heap   total 1941504K, used 1140549K [0x00000006c0000000, 0x0000000800000000)
  region size 8192K, 3 young (24576K), 3 survivors (24576K)
 Metaspace       used 166985K, committed 168832K, reserved 1196032K
  class space    used 23762K, committed 24576K, reserved 1048576K
}
Event: 263.816 GC heap before
{Heap before GC invocations=42 (full 0):
 garbage-first heap   total 2064384K, used 1722181K [0x00000006c0000000, 0x0000000800000000)
  region size 8192K, 75 young (614400K), 3 survivors (24576K)
 Metaspace       used 167475K, committed 169344K, reserved 1196032K
  class space    used 23797K, committed 24640K, reserved 1048576K
}
Event: 263.841 GC heap after
{Heap after GC invocations=43 (full 0):
 garbage-first heap   total 2064384K, used 1156822K [0x00000006c0000000, 0x0000000800000000)
  region size 8192K, 3 young (24576K), 3 survivors (24576K)
 Metaspace       used 167475K, committed 169344K, reserved 1196032K
  class space    used 23797K, committed 24640K, reserved 1048576K
}
Event: 286.971 GC heap before
{Heap before GC invocations=43 (full 0):
 garbage-first heap   total 2064384K, used 1754838K [0x00000006c0000000, 0x0000000800000000)
  region size 8192K, 75 young (614400K), 3 survivors (24576K)
 Metaspace       used 167728K, committed 169600K, reserved 1196032K
  class space    used 23828K, committed 24640K, reserved 1048576K
}
Event: 287.067 GC heap after
{Heap after GC invocations=44 (full 0):
 garbage-first heap   total 2064384K, used 1093296K [0x00000006c0000000, 0x0000000800000000)
  region size 8192K, 3 young (24576K), 3 survivors (24576K)
 Metaspace       used 167728K, committed 169600K, reserved 1196032K
  class space    used 23828K, committed 24640K, reserved 1048576K
}
Event: 308.195 GC heap before
{Heap before GC invocations=44 (full 0):
 garbage-first heap   total 2064384K, used 1691312K [0x00000006c0000000, 0x0000000800000000)
  region size 8192K, 75 young (614400K), 3 survivors (24576K)
 Metaspace       used 167828K, committed 169664K, reserved 1196032K
  class space    used 23838K, committed 24640K, reserved 1048576K
}
Event: 308.256 GC heap after
{Heap after GC invocations=45 (full 0):
 garbage-first heap   total 2064384K, used 1077248K [0x00000006c0000000, 0x0000000800000000)
  region size 8192K, 3 young (24576K), 3 survivors (24576K)
 Metaspace       used 167828K, committed 169664K, reserved 1196032K
  class space    used 23838K, committed 24640K, reserved 1048576K
}
Event: 323.411 GC heap before
{Heap before GC invocations=45 (full 0):
 garbage-first heap   total 2064384K, used 1658880K [0x00000006c0000000, 0x0000000800000000)
  region size 8192K, 75 young (614400K), 3 survivors (24576K)
 Metaspace       used 167945K, committed 169792K, reserved 1196032K
  class space    used 23847K, committed 24640K, reserved 1048576K
}
Event: 323.436 GC heap after
{Heap after GC invocations=46 (full 0):
 garbage-first heap   total 2064384K, used 1073152K [0x00000006c0000000, 0x0000000800000000)
  region size 8192K, 2 young (16384K), 2 survivors (16384K)
 Metaspace       used 167945K, committed 169792K, reserved 1196032K
  class space    used 23847K, committed 24640K, reserved 1048576K
}
Event: 339.653 GC heap before
{Heap before GC invocations=47 (full 0):
 garbage-first heap   total 2064384K, used 1589248K [0x00000006c0000000, 0x0000000800000000)
  region size 8192K, 75 young (614400K), 2 survivors (16384K)
 Metaspace       used 168922K, committed 170816K, reserved 1196032K
  class space    used 24000K, committed 24832K, reserved 1048576K
}
Event: 339.673 GC heap after
{Heap after GC invocations=48 (full 0):
 garbage-first heap   total 2064384K, used 1021814K [0x00000006c0000000, 0x0000000800000000)
  region size 8192K, 3 young (24576K), 3 survivors (24576K)
 Metaspace       used 168922K, committed 170816K, reserved 1196032K
  class space    used 24000K, committed 24832K, reserved 1048576K
}
Event: 346.713 GC heap before
{Heap before GC invocations=48 (full 0):
 garbage-first heap   total 2064384K, used 1619830K [0x00000006c0000000, 0x0000000800000000)
  region size 8192K, 75 young (614400K), 3 survivors (24576K)
 Metaspace       used 168936K, committed 170816K, reserved 1196032K
  class space    used 24000K, committed 24832K, reserved 1048576K
}
Event: 346.758 GC heap after
{Heap after GC invocations=49 (full 0):
 garbage-first heap   total 2064384K, used 989348K [0x00000006c0000000, 0x0000000800000000)
  region size 8192K, 3 young (24576K), 3 survivors (24576K)
 Metaspace       used 168936K, committed 170816K, reserved 1196032K
  class space    used 24000K, committed 24832K, reserved 1048576K
}
Event: 383.293 GC heap before
{Heap before GC invocations=49 (full 0):
 garbage-first heap   total 2064384K, used 1579172K [0x00000006c0000000, 0x0000000800000000)
  region size 8192K, 75 young (614400K), 3 survivors (24576K)
 Metaspace       used 169360K, committed 171264K, reserved 1196032K
  class space    used 24010K, committed 24832K, reserved 1048576K
}
Event: 383.310 GC heap after
{Heap after GC invocations=50 (full 0):
 garbage-first heap   total 2064384K, used 1015004K [0x00000006c0000000, 0x0000000800000000)
  region size 8192K, 3 young (24576K), 3 survivors (24576K)
 Metaspace       used 169360K, committed 171264K, reserved 1196032K
  class space    used 24010K, committed 24832K, reserved 1048576K
}

