# JRE version: Java(TM) SE Runtime Environment (17.0.3.1+2) (build 17.0.3.1+2-LTS-6)
# Java VM: Java HotSpot(TM) 64-Bit Server VM (17.0.3.1+2-LTS-6, mixed mode, sharing, tiered, compressed oops, compressed class ptrs, g1 gc, windows-amd64)
GC Precious Log:
 CPUs: 4 total, 4 available
 Memory: 8140M
 Large Page Support: Disabled
 NUMA Support: Disabled
 Compressed Oops: Enabled (Zero based)
 Heap Region Size: 8M
 Heap Min Capacity: 1G
 Heap Initial Capacity: 1G
 Heap Max Capacity: 5G
 Pre-touch: Enabled
 Parallel Workers: 4
 Concurrent Workers: 1
 Concurrent Refinement Workers: 4
 Periodic GC: Disabled
Heap:
 garbage-first heap   total 1736704K, used 1212416K [0x00000006c0000000, 0x0000000800000000)
  region size 8192K, 4 young (32768K), 2 survivors (16384K)
 Metaspace       used 164350K, committed 166208K, reserved 1196032K
  class space    used 23508K, committed 24320K, reserved 1048576K
GC Heap History (20 events):
Event: 27.119 GC heap before
{Heap before GC invocations=25 (full 0):
 garbage-first heap   total 1048576K, used 669500K [0x00000006c0000000, 0x0000000800000000)
  region size 8192K, 51 young (417792K), 2 survivors (16384K)
 Metaspace       used 124644K, committed 126080K, reserved 1163264K
  class space    used 18214K, committed 18816K, reserved 1048576K
}
Event: 27.156 GC heap after
{Heap after GC invocations=26 (full 0):
 garbage-first heap   total 1048576K, used 299353K [0x00000006c0000000, 0x0000000800000000)
  region size 8192K, 2 young (16384K), 2 survivors (16384K)
 Metaspace       used 124644K, committed 126080K, reserved 1163264K
  class space    used 18214K, committed 18816K, reserved 1048576K
}
Event: 28.798 GC heap before
{Heap before GC invocations=26 (full 0):
 garbage-first heap   total 1048576K, used 700761K [0x00000006c0000000, 0x0000000800000000)
  region size 8192K, 51 young (417792K), 2 survivors (16384K)
 Metaspace       used 130629K, committed 132096K, reserved 1163264K
  class space    used 18982K, committed 19584K, reserved 1048576K
}
Event: 28.912 GC heap after
{Heap after GC invocations=27 (full 0):
 garbage-first heap   total 1048576K, used 404023K [0x00000006c0000000, 0x0000000800000000)
  region size 8192K, 2 young (16384K), 2 survivors (16384K)
 Metaspace       used 130629K, committed 132096K, reserved 1163264K
  class space    used 18982K, committed 19584K, reserved 1048576K
}
Event: 30.716 GC heap before
{Heap before GC invocations=28 (full 0):
 garbage-first heap   total 1048576K, used 690743K [0x00000006c0000000, 0x0000000800000000)
  region size 8192K, 38 young (311296K), 2 survivors (16384K)
 Metaspace       used 138061K, committed 139648K, reserved 1171456K
  class space    used 19961K, committed 20672K, reserved 1048576K
}
Event: 30.788 GC heap after
{Heap after GC invocations=29 (full 0):
 garbage-first heap   total 1048576K, used 516096K [0x00000006c0000000, 0x0000000800000000)
  region size 8192K, 2 young (16384K), 2 survivors (16384K)
 Metaspace       used 138061K, committed 139648K, reserved 1171456K
  class space    used 19961K, committed 20672K, reserved 1048576K
}
Event: 32.442 GC heap before
{Heap before GC invocations=29 (full 0):
 garbage-first heap   total 1048576K, used 811008K [0x00000006c0000000, 0x0000000800000000)
  region size 8192K, 39 young (319488K), 2 survivors (16384K)
 Metaspace       used 145103K, committed 146752K, reserved 1179648K
  class space    used 20955K, committed 21696K, reserved 1048576K
}
Event: 32.478 GC heap after
{Heap after GC invocations=30 (full 0):
 garbage-first heap   total 1048576K, used 569344K [0x00000006c0000000, 0x0000000800000000)
  region size 8192K, 2 young (16384K), 2 survivors (16384K)
 Metaspace       used 145103K, committed 146752K, reserved 1179648K
  class space    used 20955K, committed 21696K, reserved 1048576K
}
Event: 34.657 GC heap before
{Heap before GC invocations=30 (full 0):
 garbage-first heap   total 1048576K, used 856064K [0x00000006c0000000, 0x0000000800000000)
  region size 8192K, 38 young (311296K), 2 survivors (16384K)
 Metaspace       used 152188K, committed 153856K, reserved 1187840K
  class space    used 22013K, committed 22720K, reserved 1048576K
}
Event: 34.713 GC heap after
{Heap after GC invocations=31 (full 0):
 garbage-first heap   total 1048576K, used 678214K [0x00000006c0000000, 0x0000000800000000)
  region size 8192K, 2 young (16384K), 2 survivors (16384K)
 Metaspace       used 152188K, committed 153856K, reserved 1187840K
  class space    used 22013K, committed 22720K, reserved 1048576K
}
Event: 37.607 GC heap before
{Heap before GC invocations=32 (full 0):
 garbage-first heap   total 1302528K, used 973126K [0x00000006c0000000, 0x0000000800000000)
  region size 8192K, 38 young (311296K), 2 survivors (16384K)
 Metaspace       used 155483K, committed 157312K, reserved 1187840K
  class space    used 22470K, committed 23296K, reserved 1048576K
}
Event: 37.643 GC heap after
{Heap after GC invocations=33 (full 0):
 garbage-first heap   total 1302528K, used 729088K [0x00000006c0000000, 0x0000000800000000)
  region size 8192K, 2 young (16384K), 2 survivors (16384K)
 Metaspace       used 155483K, committed 157312K, reserved 1187840K
  class space    used 22470K, committed 23296K, reserved 1048576K
}
Event: 39.318 GC heap before
{Heap before GC invocations=33 (full 0):
 garbage-first heap   total 1302528K, used 1097728K [0x00000006c0000000, 0x0000000800000000)
  region size 8192K, 47 young (385024K), 2 survivors (16384K)
 Metaspace       used 156968K, committed 158720K, reserved 1187840K
  class space    used 22628K, committed 23424K, reserved 1048576K
}
Event: 39.373 GC heap after
{Heap after GC invocations=34 (full 0):
 garbage-first heap   total 1302528K, used 799926K [0x00000006c0000000, 0x0000000800000000)
  region size 8192K, 2 young (16384K), 2 survivors (16384K)
 Metaspace       used 156968K, committed 158720K, reserved 1187840K
  class space    used 22628K, committed 23424K, reserved 1048576K
}
Event: 40.644 GC heap before
{Heap before GC invocations=34 (full 0):
 garbage-first heap   total 1302528K, used 1152182K [0x00000006c0000000, 0x0000000800000000)
  region size 8192K, 46 young (376832K), 2 survivors (16384K)
 Metaspace       used 158480K, committed 160256K, reserved 1187840K
  class space    used 22793K, committed 23616K, reserved 1048576K
}
Event: 40.684 GC heap after
{Heap after GC invocations=35 (full 0):
 garbage-first heap   total 1302528K, used 860160K [0x00000006c0000000, 0x0000000800000000)
  region size 8192K, 2 young (16384K), 2 survivors (16384K)
 Metaspace       used 158480K, committed 160256K, reserved 1187840K
  class space    used 22793K, committed 23616K, reserved 1048576K
}
Event: 42.611 GC heap before
{Heap before GC invocations=36 (full 0):
 garbage-first heap   total 1720320K, used 1228800K [0x00000006c0000000, 0x0000000800000000)
  region size 8192K, 47 young (385024K), 2 survivors (16384K)
 Metaspace       used 159110K, committed 160960K, reserved 1187840K
  class space    used 22845K, committed 23680K, reserved 1048576K
}
Event: 42.672 GC heap after
{Heap after GC invocations=37 (full 0):
 garbage-first heap   total 1720320K, used 991232K [0x00000006c0000000, 0x0000000800000000)
  region size 8192K, 2 young (16384K), 2 survivors (16384K)
 Metaspace       used 159110K, committed 160960K, reserved 1187840K
  class space    used 22845K, committed 23680K, reserved 1048576K
}
Event: 44.550 GC heap before
{Heap before GC invocations=37 (full 0):
 garbage-first heap   total 1720320K, used 1490944K [0x00000006c0000000, 0x0000000800000000)
  region size 8192K, 63 young (516096K), 2 survivors (16384K)
 Metaspace       used 159539K, committed 161344K, reserved 1187840K
  class space    used 22851K, committed 23680K, reserved 1048576K
}
Event: 44.673 GC heap after
{Heap after GC invocations=38 (full 0):
 garbage-first heap   total 1736704K, used 1159168K [0x00000006c0000000, 0x0000000800000000)
  region size 8192K, 2 young (16384K), 2 survivors (16384K)
 Metaspace       used 159539K, committed 161344K, reserved 1187840K
  class space    used 22851K, committed 23680K, reserved 1048576K
}

