# JRE version: Java(TM) SE Runtime Environment (17.0.3.1+2) (build 17.0.3.1+2-LTS-6)
# Java VM: Java HotSpot(TM) 64-Bit Server VM (17.0.3.1+2-LTS-6, mixed mode, sharing, tiered, compressed oops, compressed class ptrs, g1 gc, windows-amd64)
GC Precious Log:
 CPUs: 4 total, 4 available
 Memory: 8140M
 Large Page Support: Disabled
 NUMA Support: Disabled
 Compressed Oops: Enabled (Zero based)
 Heap Region Size: 8M
 Heap Min Capacity: 1G
 Heap Initial Capacity: 1G
 Heap Max Capacity: 5G
 Pre-touch: Enabled
 Parallel Workers: 4
 Concurrent Workers: 1
 Concurrent Refinement Workers: 4
 Periodic GC: Disabled
Heap:
 garbage-first heap   total 2654208K, used 2392064K [0x00000006c0000000, 0x0000000800000000)
  region size 8192K, 3 young (24576K), 3 survivors (24576K)
 Metaspace       used 169087K, committed 171200K, reserved 1196032K
  class space    used 24027K, committed 24960K, reserved 1048576K
GC Heap History (20 events):
Event: 540.761 GC heap after
{Heap after GC invocations=43 (full 0):
 garbage-first heap   total 2285568K, used 1655808K [0x00000006c0000000, 0x0000000800000000)
  region size 8192K, 3 young (24576K), 3 survivors (24576K)
 Metaspace       used 168834K, committed 170880K, reserved 1196032K
  class space    used 23995K, committed 24896K, reserved 1048576K
}
Event: 541.714 GC heap before
{Heap before GC invocations=43 (full 0):
 garbage-first heap   total 2285568K, used 2122752K [0x00000006c0000000, 0x0000000800000000)
  region size 8192K, 58 young (475136K), 3 survivors (24576K)
 Metaspace       used 168972K, committed 171072K, reserved 1196032K
  class space    used 24016K, committed 24960K, reserved 1048576K
}
Event: 542.290 GC heap after
{Heap after GC invocations=44 (full 0):
 garbage-first heap   total 2285568K, used 1702448K [0x00000006c0000000, 0x0000000800000000)
  region size 8192K, 3 young (24576K), 3 survivors (24576K)
 Metaspace       used 168972K, committed 171072K, reserved 1196032K
  class space    used 24016K, committed 24960K, reserved 1048576K
}
Event: 543.271 GC heap before
{Heap before GC invocations=44 (full 0):
 garbage-first heap   total 2285568K, used 2144816K [0x00000006c0000000, 0x0000000800000000)
  region size 8192K, 46 young (376832K), 3 survivors (24576K)
 Metaspace       used 169019K, committed 171072K, reserved 1196032K
  class space    used 24022K, committed 24960K, reserved 1048576K
}
Event: 543.710 GC heap after
{Heap after GC invocations=45 (full 0):
 garbage-first heap   total 2285568K, used 1799374K [0x00000006c0000000, 0x0000000800000000)
  region size 8192K, 3 young (24576K), 3 survivors (24576K)
 Metaspace       used 169019K, committed 171072K, reserved 1196032K
  class space    used 24022K, committed 24960K, reserved 1048576K
}
Event: 544.119 GC heap before
{Heap before GC invocations=45 (full 0):
 garbage-first heap   total 2285568K, used 2127054K [0x00000006c0000000, 0x0000000800000000)
  region size 8192K, 45 young (368640K), 3 survivors (24576K)
 Metaspace       used 169019K, committed 171072K, reserved 1196032K
  class space    used 24022K, committed 24960K, reserved 1048576K
}
Event: 544.478 GC heap after
{Heap after GC invocations=46 (full 0):
 garbage-first heap   total 2408448K, used 1771626K [0x00000006c0000000, 0x0000000800000000)
  region size 8192K, 2 young (16384K), 2 survivors (16384K)
 Metaspace       used 169019K, committed 171072K, reserved 1196032K
  class space    used 24022K, committed 24960K, reserved 1048576K
}
Event: 545.247 GC heap before
{Heap before GC invocations=46 (full 0):
 garbage-first heap   total 2408448K, used 2230378K [0x00000006c0000000, 0x0000000800000000)
  region size 8192K, 59 young (483328K), 2 survivors (16384K)
 Metaspace       used 169020K, committed 171072K, reserved 1196032K
  class space    used 24022K, committed 24960K, reserved 1048576K
}
Event: 545.379 GC heap after
{Heap after GC invocations=47 (full 0):
 garbage-first heap   total 2408448K, used 1753088K [0x00000006c0000000, 0x0000000800000000)
  region size 8192K, 3 young (24576K), 3 survivors (24576K)
 Metaspace       used 169020K, committed 171072K, reserved 1196032K
  class space    used 24022K, committed 24960K, reserved 1048576K
}
Event: 545.890 GC heap before
{Heap before GC invocations=47 (full 0):
 garbage-first heap   total 2408448K, used 2113536K [0x00000006c0000000, 0x0000000800000000)
  region size 8192K, 48 young (393216K), 3 survivors (24576K)
 Metaspace       used 169020K, committed 171072K, reserved 1196032K
  class space    used 24022K, committed 24960K, reserved 1048576K
}
Event: 545.899 GC heap after
{Heap after GC invocations=48 (full 0):
 garbage-first heap   total 2408448K, used 1767424K [0x00000006c0000000, 0x0000000800000000)
  region size 8192K, 3 young (24576K), 3 survivors (24576K)
 Metaspace       used 169020K, committed 171072K, reserved 1196032K
  class space    used 24022K, committed 24960K, reserved 1048576K
}
Event: 546.963 GC heap before
{Heap before GC invocations=48 (full 0):
 garbage-first heap   total 2408448K, used 2275328K [0x00000006c0000000, 0x0000000800000000)
  region size 8192K, 61 young (499712K), 3 survivors (24576K)
 Metaspace       used 169020K, committed 171072K, reserved 1196032K
  class space    used 24022K, committed 24960K, reserved 1048576K
}
Event: 546.965 GC heap after
{Heap after GC invocations=49 (full 0):
 garbage-first heap   total 2408448K, used 1804848K [0x00000006c0000000, 0x0000000800000000)
  region size 8192K, 1 young (8192K), 1 survivors (8192K)
 Metaspace       used 169020K, committed 171072K, reserved 1196032K
  class space    used 24022K, committed 24960K, reserved 1048576K
}
Event: 548.040 GC heap before
{Heap before GC invocations=49 (full 0):
 garbage-first heap   total 2408448K, used 2304560K [0x00000006c0000000, 0x0000000800000000)
  region size 8192K, 63 young (516096K), 1 survivors (8192K)
 Metaspace       used 169085K, committed 171200K, reserved 1196032K
  class space    used 24027K, committed 24960K, reserved 1048576K
}
Event: 548.096 GC heap after
{Heap after GC invocations=50 (full 0):
 garbage-first heap   total 2408448K, used 1845234K [0x00000006c0000000, 0x0000000800000000)
  region size 8192K, 3 young (24576K), 3 survivors (24576K)
 Metaspace       used 169085K, committed 171200K, reserved 1196032K
  class space    used 24027K, committed 24960K, reserved 1048576K
}
Event: 548.813 GC heap before
{Heap before GC invocations=50 (full 0):
 garbage-first heap   total 2408448K, used 2303986K [0x00000006c0000000, 0x0000000800000000)
  region size 8192K, 60 young (491520K), 3 survivors (24576K)
 Metaspace       used 169085K, committed 171200K, reserved 1196032K
  class space    used 24027K, committed 24960K, reserved 1048576K
}
Event: 549.557 GC heap after
{Heap after GC invocations=51 (full 0):
 garbage-first heap   total 2621440K, used 2123167K [0x00000006c0000000, 0x0000000800000000)
  region size 8192K, 3 young (24576K), 3 survivors (24576K)
 Metaspace       used 169085K, committed 171200K, reserved 1196032K
  class space    used 24027K, committed 24960K, reserved 1048576K
}
Event: 550.142 GC heap before
{Heap before GC invocations=51 (full 0):
 garbage-first heap   total 2621440K, used 2450847K [0x00000006c0000000, 0x0000000800000000)
  region size 8192K, 44 young (360448K), 3 survivors (24576K)
 Metaspace       used 169087K, committed 171200K, reserved 1196032K
  class space    used 24027K, committed 24960K, reserved 1048576K
}
Event: 550.317 GC heap after
{Heap after GC invocations=52 (full 0):
 garbage-first heap   total 2621440K, used 2260992K [0x00000006c0000000, 0x0000000800000000)
  region size 8192K, 3 young (24576K), 3 survivors (24576K)
 Metaspace       used 169087K, committed 171200K, reserved 1196032K
  class space    used 24027K, committed 24960K, reserved 1048576K
}
Event: 550.828 GC heap before
{Heap before GC invocations=52 (full 0):
 garbage-first heap   total 2621440K, used 2490368K [0x00000006c0000000, 0x0000000800000000)
  region size 8192K, 32 young (262144K), 3 survivors (24576K)
 Metaspace       used 169087K, committed 171200K, reserved 1196032K
  class space    used 24027K, committed 24960K, reserved 1048576K
}

