# JRE version: Java(TM) SE Runtime Environment (17.0.3.1+2) (build 17.0.3.1+2-LTS-6)
# Java VM: Java HotSpot(TM) 64-Bit Server VM (17.0.3.1+2-LTS-6, mixed mode, sharing, tiered, compressed oops, compressed class ptrs, g1 gc, windows-amd64)
GC Precious Log:
 CPUs: 4 total, 4 available
 Memory: 8140M
 Large Page Support: Disabled
 NUMA Support: Disabled
 Compressed Oops: Enabled (Zero based)
 Heap Region Size: 8M
 Heap Min Capacity: 1G
 Heap Initial Capacity: 1G
 Heap Max Capacity: 3G
 Pre-touch: Enabled
 Parallel Workers: 4
 Concurrent Workers: 1
 Concurrent Refinement Workers: 4
 Periodic GC: Disabled
Heap:
 garbage-first heap   total 2351104K, used 1877504K [0x0000000740000000, 0x0000000800000000)
  region size 8192K, 82 young (671744K), 3 survivors (24576K)
 Metaspace       used 181477K, committed 183360K, reserved 1212416K
  class space    used 25192K, committed 25984K, reserved 1048576K
GC Heap History (20 events):
Event: 7239.670 GC heap before
{Heap before GC invocations=158 (full 0):
 garbage-first heap   total 2351104K, used 1666732K [0x0000000740000000, 0x0000000800000000)
  region size 8192K, 86 young (704512K), 2 survivors (16384K)
 Metaspace       used 181268K, committed 183104K, reserved 1212416K
  class space    used 25186K, committed 25984K, reserved 1048576K
}
Event: 7239.726 GC heap after
{Heap after GC invocations=159 (full 0):
 garbage-first heap   total 2351104K, used 977925K [0x0000000740000000, 0x0000000800000000)
  region size 8192K, 1 young (8192K), 1 survivors (8192K)
 Metaspace       used 181268K, committed 183104K, reserved 1212416K
  class space    used 25186K, committed 25984K, reserved 1048576K
}
Event: 7265.634 GC heap before
{Heap before GC invocations=159 (full 0):
 garbage-first heap   total 2351104K, used 1821701K [0x0000000740000000, 0x0000000800000000)
  region size 8192K, 104 young (851968K), 1 survivors (8192K)
 Metaspace       used 181290K, committed 183168K, reserved 1212416K
  class space    used 25186K, committed 25984K, reserved 1048576K
}
Event: 7265.771 GC heap after
{Heap after GC invocations=160 (full 0):
 garbage-first heap   total 2351104K, used 1043560K [0x0000000740000000, 0x0000000800000000)
  region size 8192K, 4 young (32768K), 4 survivors (32768K)
 Metaspace       used 181290K, committed 183168K, reserved 1212416K
  class space    used 25186K, committed 25984K, reserved 1048576K
}
Event: 7266.188 GC heap before
{Heap before GC invocations=160 (full 0):
 garbage-first heap   total 2351104K, used 1715304K [0x0000000740000000, 0x0000000800000000)
  region size 8192K, 86 young (704512K), 4 survivors (32768K)
 Metaspace       used 181290K, committed 183168K, reserved 1212416K
  class space    used 25186K, committed 25984K, reserved 1048576K
}
Event: 7268.246 GC heap after
{Heap after GC invocations=161 (full 0):
 garbage-first heap   total 2351104K, used 1130496K [0x0000000740000000, 0x0000000800000000)
  region size 8192K, 3 young (24576K), 3 survivors (24576K)
 Metaspace       used 181290K, committed 183168K, reserved 1212416K
  class space    used 25186K, committed 25984K, reserved 1048576K
}
Event: 7318.792 GC heap before
{Heap before GC invocations=162 (full 0):
 garbage-first heap   total 2351104K, used 1810432K [0x0000000740000000, 0x0000000800000000)
  region size 8192K, 86 young (704512K), 3 survivors (24576K)
 Metaspace       used 181298K, committed 183168K, reserved 1212416K
  class space    used 25186K, committed 25984K, reserved 1048576K
}
Event: 7318.864 GC heap after
{Heap after GC invocations=163 (full 0):
 garbage-first heap   total 2351104K, used 1151171K [0x0000000740000000, 0x0000000800000000)
  region size 8192K, 2 young (16384K), 2 survivors (16384K)
 Metaspace       used 181298K, committed 183168K, reserved 1212416K
  class space    used 25186K, committed 25984K, reserved 1048576K
}
Event: 7374.962 GC heap before
{Heap before GC invocations=163 (full 0):
 garbage-first heap   total 2351104K, used 1839299K [0x0000000740000000, 0x0000000800000000)
  region size 8192K, 86 young (704512K), 2 survivors (16384K)
 Metaspace       used 181319K, committed 183232K, reserved 1212416K
  class space    used 25186K, committed 25984K, reserved 1048576K
}
Event: 7375.519 GC heap after
{Heap after GC invocations=164 (full 0):
 garbage-first heap   total 2351104K, used 1158677K [0x0000000740000000, 0x0000000800000000)
  region size 8192K, 2 young (16384K), 2 survivors (16384K)
 Metaspace       used 181319K, committed 183232K, reserved 1212416K
  class space    used 25186K, committed 25984K, reserved 1048576K
}
Event: 7428.705 GC heap before
{Heap before GC invocations=164 (full 0):
 garbage-first heap   total 2351104K, used 1846805K [0x0000000740000000, 0x0000000800000000)
  region size 8192K, 86 young (704512K), 2 survivors (16384K)
 Metaspace       used 181380K, committed 183232K, reserved 1212416K
  class space    used 25189K, committed 25984K, reserved 1048576K
}
Event: 7429.071 GC heap after
{Heap after GC invocations=165 (full 0):
 garbage-first heap   total 2351104K, used 1164165K [0x0000000740000000, 0x0000000800000000)
  region size 8192K, 2 young (16384K), 2 survivors (16384K)
 Metaspace       used 181380K, committed 183232K, reserved 1212416K
  class space    used 25189K, committed 25984K, reserved 1048576K
}
Event: 7450.394 GC heap before
{Heap before GC invocations=165 (full 0):
 garbage-first heap   total 2351104K, used 1852293K [0x0000000740000000, 0x0000000800000000)
  region size 8192K, 86 young (704512K), 2 survivors (16384K)
 Metaspace       used 181430K, committed 183296K, reserved 1212416K
  class space    used 25189K, committed 25984K, reserved 1048576K
}
Event: 7450.605 GC heap after
{Heap after GC invocations=166 (full 0):
 garbage-first heap   total 2351104K, used 1184275K [0x0000000740000000, 0x0000000800000000)
  region size 8192K, 3 young (24576K), 3 survivors (24576K)
 Metaspace       used 181430K, committed 183296K, reserved 1212416K
  class space    used 25189K, committed 25984K, reserved 1048576K
}
Event: 7480.959 GC heap before
{Heap before GC invocations=166 (full 0):
 garbage-first heap   total 2351104K, used 1864211K [0x0000000740000000, 0x0000000800000000)
  region size 8192K, 86 young (704512K), 3 survivors (24576K)
 Metaspace       used 181436K, committed 183296K, reserved 1212416K
  class space    used 25189K, committed 25984K, reserved 1048576K
}
Event: 7480.982 GC heap after
{Heap after GC invocations=167 (full 0):
 garbage-first heap   total 2351104K, used 1179978K [0x0000000740000000, 0x0000000800000000)
  region size 8192K, 1 young (8192K), 1 survivors (8192K)
 Metaspace       used 181436K, committed 183296K, reserved 1212416K
  class space    used 25189K, committed 25984K, reserved 1048576K
}
Event: 7551.460 GC heap before
{Heap before GC invocations=167 (full 0):
 garbage-first heap   total 2351104K, used 1941834K [0x0000000740000000, 0x0000000800000000)
  region size 8192K, 86 young (704512K), 1 survivors (8192K)
 Metaspace       used 181465K, committed 183296K, reserved 1212416K
  class space    used 25189K, committed 25984K, reserved 1048576K
}
Event: 7551.555 GC heap after
{Heap after GC invocations=168 (full 0):
 garbage-first heap   total 2351104K, used 1260544K [0x0000000740000000, 0x0000000800000000)
  region size 8192K, 3 young (24576K), 3 survivors (24576K)
 Metaspace       used 181465K, committed 183296K, reserved 1212416K
  class space    used 25189K, committed 25984K, reserved 1048576K
}
Event: 7551.596 GC heap before
{Heap before GC invocations=168 (full 0):
 garbage-first heap   total 2351104K, used 1326080K [0x0000000740000000, 0x0000000800000000)
  region size 8192K, 12 young (98304K), 3 survivors (24576K)
 Metaspace       used 181465K, committed 183296K, reserved 1212416K
  class space    used 25189K, committed 25984K, reserved 1048576K
}
Event: 7551.635 GC heap after
{Heap after GC invocations=169 (full 0):
 garbage-first heap   total 2351104K, used 1287680K [0x0000000740000000, 0x0000000800000000)
  region size 8192K, 3 young (24576K), 3 survivors (24576K)
 Metaspace       used 181465K, committed 183296K, reserved 1212416K
  class space    used 25189K, committed 25984K, reserved 1048576K
}

