# JRE version: Java(TM) SE Runtime Environment (17.0.3.1+2) (build 17.0.3.1+2-LTS-6)
# Java VM: Java HotSpot(TM) 64-Bit Server VM (17.0.3.1+2-LTS-6, mixed mode, sharing, tiered, compressed oops, compressed class ptrs, g1 gc, windows-amd64)
GC Precious Log:
 CPUs: 4 total, 4 available
 Memory: 8140M
 Large Page Support: Disabled
 NUMA Support: Disabled
 Compressed Oops: Enabled (Zero based)
 Heap Region Size: 8M
 Heap Min Capacity: 1G
 Heap Initial Capacity: 1G
 Heap Max Capacity: 5G
 Pre-touch: Enabled
 Parallel Workers: 4
 Concurrent Workers: 1
 Concurrent Refinement Workers: 4
 Periodic GC: Disabled
Heap:
 garbage-first heap   total 1966080K, used 1339392K [0x00000006c0000000, 0x0000000800000000)
  region size 8192K, 38 young (311296K), 3 survivors (24576K)
 Metaspace       used 165178K, committed 167104K, reserved 1196032K
  class space    used 23522K, committed 24384K, reserved 1048576K
GC Heap History (20 events):
Event: 36.001 GC heap before
{Heap before GC invocations=29 (full 0):
 garbage-first heap   total 1048576K, used 888832K [0x00000006c0000000, 0x0000000800000000)
  region size 8192K, 31 young (253952K), 2 survivors (16384K)
 Metaspace       used 135404K, committed 136960K, reserved 1171456K
  class space    used 19702K, committed 20352K, reserved 1048576K
}
Event: 36.038 GC heap after
{Heap after GC invocations=30 (full 0):
 garbage-first heap   total 1048576K, used 737280K [0x00000006c0000000, 0x0000000800000000)
  region size 8192K, 2 young (16384K), 2 survivors (16384K)
 Metaspace       used 135404K, committed 136960K, reserved 1171456K
  class space    used 19702K, committed 20352K, reserved 1048576K
}
Event: 38.411 GC heap before
{Heap before GC invocations=31 (full 0):
 garbage-first heap   total 1515520K, used 1163264K [0x00000006c0000000, 0x0000000800000000)
  region size 8192K, 55 young (450560K), 2 survivors (16384K)
 Metaspace       used 142647K, committed 144320K, reserved 1179648K
  class space    used 20669K, committed 21440K, reserved 1048576K
}
Event: 38.452 GC heap after
{Heap after GC invocations=32 (full 0):
 garbage-first heap   total 1515520K, used 798720K [0x00000006c0000000, 0x0000000800000000)
  region size 8192K, 2 young (16384K), 2 survivors (16384K)
 Metaspace       used 142647K, committed 144320K, reserved 1179648K
  class space    used 20669K, committed 21440K, reserved 1048576K
}
Event: 40.244 GC heap before
{Heap before GC invocations=32 (full 0):
 garbage-first heap   total 1515520K, used 1232896K [0x00000006c0000000, 0x0000000800000000)
  region size 8192K, 55 young (450560K), 2 survivors (16384K)
 Metaspace       used 150989K, committed 152832K, reserved 1179648K
  class space    used 21887K, committed 22720K, reserved 1048576K
}
Event: 40.380 GC heap after
{Heap after GC invocations=33 (full 0):
 garbage-first heap   total 1818624K, used 874565K [0x00000006c0000000, 0x0000000800000000)
  region size 8192K, 2 young (16384K), 2 survivors (16384K)
 Metaspace       used 150989K, committed 152832K, reserved 1179648K
  class space    used 21887K, committed 22720K, reserved 1048576K
}
Event: 41.797 GC heap before
{Heap before GC invocations=33 (full 0):
 garbage-first heap   total 1818624K, used 1398853K [0x00000006c0000000, 0x0000000800000000)
  region size 8192K, 66 young (540672K), 2 survivors (16384K)
 Metaspace       used 152132K, committed 153984K, reserved 1187840K
  class space    used 22047K, committed 22912K, reserved 1048576K
}
Event: 41.939 GC heap after
{Heap after GC invocations=34 (full 0):
 garbage-first heap   total 1818624K, used 1122068K [0x00000006c0000000, 0x0000000800000000)
  region size 8192K, 3 young (24576K), 3 survivors (24576K)
 Metaspace       used 152132K, committed 153984K, reserved 1187840K
  class space    used 22047K, committed 22912K, reserved 1048576K
}
Event: 44.131 GC heap before
{Heap before GC invocations=34 (full 0):
 garbage-first heap   total 1818624K, used 1580820K [0x00000006c0000000, 0x0000000800000000)
  region size 8192K, 60 young (491520K), 3 survivors (24576K)
 Metaspace       used 154685K, committed 156608K, reserved 1187840K
  class space    used 22387K, committed 23296K, reserved 1048576K
}
Event: 44.206 GC heap after
{Heap after GC invocations=35 (full 0):
 garbage-first heap   total 1818624K, used 1196032K [0x00000006c0000000, 0x0000000800000000)
  region size 8192K, 3 young (24576K), 3 survivors (24576K)
 Metaspace       used 154685K, committed 156608K, reserved 1187840K
  class space    used 22387K, committed 23296K, reserved 1048576K
}
Event: 53.011 GC heap before
{Heap before GC invocations=35 (full 0):
 garbage-first heap   total 1818624K, used 1613824K [0x00000006c0000000, 0x0000000800000000)
  region size 8192K, 55 young (450560K), 3 survivors (24576K)
 Metaspace       used 158206K, committed 160064K, reserved 1187840K
  class space    used 22698K, committed 23552K, reserved 1048576K
}
Event: 53.052 GC heap after
{Heap after GC invocations=36 (full 0):
 garbage-first heap   total 1818624K, used 1224040K [0x00000006c0000000, 0x0000000800000000)
  region size 8192K, 3 young (24576K), 3 survivors (24576K)
 Metaspace       used 158206K, committed 160064K, reserved 1187840K
  class space    used 22698K, committed 23552K, reserved 1048576K
}
Event: 195.246 GC heap before
{Heap before GC invocations=37 (full 0):
 garbage-first heap   total 1966080K, used 1682792K [0x00000006c0000000, 0x0000000800000000)
  region size 8192K, 66 young (540672K), 3 survivors (24576K)
 Metaspace       used 163728K, committed 165632K, reserved 1196032K
  class space    used 23355K, committed 24192K, reserved 1048576K
}
Event: 195.270 GC heap after
{Heap after GC invocations=38 (full 0):
 garbage-first heap   total 1966080K, used 1181546K [0x00000006c0000000, 0x0000000800000000)
  region size 8192K, 3 young (24576K), 3 survivors (24576K)
 Metaspace       used 163728K, committed 165632K, reserved 1196032K
  class space    used 23355K, committed 24192K, reserved 1048576K
}
Event: 221.568 GC heap before
{Heap before GC invocations=38 (full 0):
 garbage-first heap   total 1966080K, used 1746794K [0x00000006c0000000, 0x0000000800000000)
  region size 8192K, 72 young (589824K), 3 survivors (24576K)
 Metaspace       used 164899K, committed 166784K, reserved 1196032K
  class space    used 23492K, committed 24320K, reserved 1048576K
}
Event: 221.599 GC heap after
{Heap after GC invocations=39 (full 0):
 garbage-first heap   total 1966080K, used 1026907K [0x00000006c0000000, 0x0000000800000000)
  region size 8192K, 3 young (24576K), 3 survivors (24576K)
 Metaspace       used 164899K, committed 166784K, reserved 1196032K
  class space    used 23492K, committed 24320K, reserved 1048576K
}
Event: 222.073 GC heap before
{Heap before GC invocations=39 (full 0):
 garbage-first heap   total 1966080K, used 1592155K [0x00000006c0000000, 0x0000000800000000)
  region size 8192K, 72 young (589824K), 3 survivors (24576K)
 Metaspace       used 164956K, committed 166848K, reserved 1196032K
  class space    used 23492K, committed 24320K, reserved 1048576K
}
Event: 222.144 GC heap after
{Heap after GC invocations=40 (full 0):
 garbage-first heap   total 1966080K, used 1005430K [0x00000006c0000000, 0x0000000800000000)
  region size 8192K, 3 young (24576K), 3 survivors (24576K)
 Metaspace       used 164956K, committed 166848K, reserved 1196032K
  class space    used 23492K, committed 24320K, reserved 1048576K
}
Event: 224.007 GC heap before
{Heap before GC invocations=40 (full 0):
 garbage-first heap   total 1966080K, used 1570678K [0x00000006c0000000, 0x0000000800000000)
  region size 8192K, 73 young (598016K), 3 survivors (24576K)
 Metaspace       used 165094K, committed 167040K, reserved 1196032K
  class space    used 23518K, committed 24384K, reserved 1048576K
}
Event: 224.055 GC heap after
{Heap after GC invocations=41 (full 0):
 garbage-first heap   total 1966080K, used 1069056K [0x00000006c0000000, 0x0000000800000000)
  region size 8192K, 3 young (24576K), 3 survivors (24576K)
 Metaspace       used 165094K, committed 167040K, reserved 1196032K
  class space    used 23518K, committed 24384K, reserved 1048576K
}

