# JRE version: Java(TM) SE Runtime Environment (17.0.3.1+2) (build 17.0.3.1+2-LTS-6)
# Java VM: Java HotSpot(TM) 64-Bit Server VM (17.0.3.1+2-LTS-6, mixed mode, sharing, tiered, compressed oops, compressed class ptrs, g1 gc, windows-amd64)
GC Precious Log:
 CPUs: 4 total, 4 available
 Memory: 8140M
 Large Page Support: Disabled
 NUMA Support: Disabled
 Compressed Oops: Enabled (Zero based)
 Heap Region Size: 8M
 Heap Min Capacity: 1G
 Heap Initial Capacity: 1G
 Heap Max Capacity: 5G
 Pre-touch: Enabled
 Parallel Workers: 4
 Concurrent Workers: 1
 Concurrent Refinement Workers: 4
 Periodic GC: Disabled
Heap:
 garbage-first heap   total 2269184K, used 1892029K [0x00000006c0000000, 0x0000000800000000)
  region size 8192K, 80 young (655360K), 2 survivors (16384K)
 Metaspace       used 171932K, committed 173952K, reserved 1204224K
  class space    used 24254K, committed 25216K, reserved 1048576K
GC Heap History (20 events):
Event: 1016.230 GC heap before
{Heap before GC invocations=52 (full 0):
 garbage-first heap   total 2269184K, used 1851392K [0x00000006c0000000, 0x0000000800000000)
  region size 8192K, 83 young (679936K), 3 survivors (24576K)
 Metaspace       used 170438K, committed 172480K, reserved 1204224K
  class space    used 24109K, committed 25024K, reserved 1048576K
}
Event: 1016.287 GC heap after
{Heap after GC invocations=53 (full 0):
 garbage-first heap   total 2269184K, used 1195130K [0x00000006c0000000, 0x0000000800000000)
  region size 8192K, 1 young (8192K), 1 survivors (8192K)
 Metaspace       used 170438K, committed 172480K, reserved 1204224K
  class space    used 24109K, committed 25024K, reserved 1048576K
}
Event: 1226.163 GC heap before
{Heap before GC invocations=53 (full 0):
 garbage-first heap   total 2269184K, used 1866874K [0x00000006c0000000, 0x0000000800000000)
  region size 8192K, 83 young (679936K), 1 survivors (8192K)
 Metaspace       used 170872K, committed 172864K, reserved 1204224K
  class space    used 24169K, committed 25088K, reserved 1048576K
}
Event: 1226.387 GC heap after
{Heap after GC invocations=54 (full 0):
 garbage-first heap   total 2269184K, used 1200961K [0x00000006c0000000, 0x0000000800000000)
  region size 8192K, 1 young (8192K), 1 survivors (8192K)
 Metaspace       used 170872K, committed 172864K, reserved 1204224K
  class space    used 24169K, committed 25088K, reserved 1048576K
}
Event: 1337.123 GC heap before
{Heap before GC invocations=55 (full 0):
 garbage-first heap   total 2269184K, used 1872705K [0x00000006c0000000, 0x0000000800000000)
  region size 8192K, 83 young (679936K), 1 survivors (8192K)
 Metaspace       used 171306K, committed 173312K, reserved 1204224K
  class space    used 24187K, committed 25088K, reserved 1048576K
}
Event: 1337.206 GC heap after
{Heap after GC invocations=56 (full 0):
 garbage-first heap   total 2269184K, used 1225971K [0x00000006c0000000, 0x0000000800000000)
  region size 8192K, 3 young (24576K), 3 survivors (24576K)
 Metaspace       used 171306K, committed 173312K, reserved 1204224K
  class space    used 24187K, committed 25088K, reserved 1048576K
}
Event: 1365.957 GC heap before
{Heap before GC invocations=56 (full 0):
 garbage-first heap   total 2269184K, used 1881331K [0x00000006c0000000, 0x0000000800000000)
  region size 8192K, 83 young (679936K), 3 survivors (24576K)
 Metaspace       used 171393K, committed 173440K, reserved 1204224K
  class space    used 24195K, committed 25152K, reserved 1048576K
}
Event: 1366.698 GC heap after
{Heap after GC invocations=57 (full 0):
 garbage-first heap   total 2269184K, used 1272522K [0x00000006c0000000, 0x0000000800000000)
  region size 8192K, 3 young (24576K), 3 survivors (24576K)
 Metaspace       used 171393K, committed 173440K, reserved 1204224K
  class space    used 24195K, committed 25152K, reserved 1048576K
}
Event: 1376.380 GC heap before
{Heap before GC invocations=57 (full 0):
 garbage-first heap   total 2269184K, used 1927882K [0x00000006c0000000, 0x0000000800000000)
  region size 8192K, 83 young (679936K), 3 survivors (24576K)
 Metaspace       used 171444K, committed 173504K, reserved 1204224K
  class space    used 24198K, committed 25152K, reserved 1048576K
}
Event: 1376.504 GC heap after
{Heap after GC invocations=58 (full 0):
 garbage-first heap   total 2269184K, used 1274469K [0x00000006c0000000, 0x0000000800000000)
  region size 8192K, 3 young (24576K), 3 survivors (24576K)
 Metaspace       used 171444K, committed 173504K, reserved 1204224K
  class space    used 24198K, committed 25152K, reserved 1048576K
}
Event: 1385.779 GC heap before
{Heap before GC invocations=58 (full 0):
 garbage-first heap   total 2269184K, used 1929829K [0x00000006c0000000, 0x0000000800000000)
  region size 8192K, 83 young (679936K), 3 survivors (24576K)
 Metaspace       used 171449K, committed 173504K, reserved 1204224K
  class space    used 24198K, committed 25152K, reserved 1048576K
}
Event: 1385.888 GC heap after
{Heap after GC invocations=59 (full 0):
 garbage-first heap   total 2269184K, used 1280818K [0x00000006c0000000, 0x0000000800000000)
  region size 8192K, 3 young (24576K), 3 survivors (24576K)
 Metaspace       used 171449K, committed 173504K, reserved 1204224K
  class space    used 24198K, committed 25152K, reserved 1048576K
}
Event: 1416.522 GC heap before
{Heap before GC invocations=59 (full 0):
 garbage-first heap   total 2269184K, used 1936178K [0x00000006c0000000, 0x0000000800000000)
  region size 8192K, 83 young (679936K), 3 survivors (24576K)
 Metaspace       used 171463K, committed 173504K, reserved 1204224K
  class space    used 24198K, committed 25152K, reserved 1048576K
}
Event: 1416.632 GC heap after
{Heap after GC invocations=60 (full 0):
 garbage-first heap   total 2269184K, used 1266967K [0x00000006c0000000, 0x0000000800000000)
  region size 8192K, 2 young (16384K), 2 survivors (16384K)
 Metaspace       used 171463K, committed 173504K, reserved 1204224K
  class space    used 24198K, committed 25152K, reserved 1048576K
}
Event: 1423.684 GC heap before
{Heap before GC invocations=60 (full 0):
 garbage-first heap   total 2269184K, used 1930519K [0x00000006c0000000, 0x0000000800000000)
  region size 8192K, 83 young (679936K), 2 survivors (16384K)
 Metaspace       used 171715K, committed 173696K, reserved 1204224K
  class space    used 24245K, committed 25152K, reserved 1048576K
}
Event: 1423.803 GC heap after
{Heap after GC invocations=61 (full 0):
 garbage-first heap   total 2269184K, used 1278898K [0x00000006c0000000, 0x0000000800000000)
  region size 8192K, 3 young (24576K), 3 survivors (24576K)
 Metaspace       used 171715K, committed 173696K, reserved 1204224K
  class space    used 24245K, committed 25152K, reserved 1048576K
}
Event: 1427.439 GC heap before
{Heap before GC invocations=61 (full 0):
 garbage-first heap   total 2269184K, used 1934258K [0x00000006c0000000, 0x0000000800000000)
  region size 8192K, 83 young (679936K), 3 survivors (24576K)
 Metaspace       used 171818K, committed 173888K, reserved 1204224K
  class space    used 24252K, committed 25216K, reserved 1048576K
}
Event: 1427.489 GC heap after
{Heap after GC invocations=62 (full 0):
 garbage-first heap   total 2269184K, used 1299896K [0x00000006c0000000, 0x0000000800000000)
  region size 8192K, 3 young (24576K), 3 survivors (24576K)
 Metaspace       used 171818K, committed 173888K, reserved 1204224K
  class space    used 24252K, committed 25216K, reserved 1048576K
}
Event: 1430.756 GC heap before
{Heap before GC invocations=62 (full 0):
 garbage-first heap   total 2269184K, used 1955256K [0x00000006c0000000, 0x0000000800000000)
  region size 8192K, 83 young (679936K), 3 survivors (24576K)
 Metaspace       used 171900K, committed 173952K, reserved 1204224K
  class space    used 24254K, committed 25216K, reserved 1048576K
}
Event: 1430.813 GC heap after
{Heap after GC invocations=63 (full 0):
 garbage-first heap   total 2269184K, used 1318589K [0x00000006c0000000, 0x0000000800000000)
  region size 8192K, 2 young (16384K), 2 survivors (16384K)
 Metaspace       used 171900K, committed 173952K, reserved 1204224K
  class space    used 24254K, committed 25216K, reserved 1048576K
}

