# JRE version: Java(TM) SE Runtime Environment (17.0.3.1+2) (build 17.0.3.1+2-LTS-6)
# Java VM: Java HotSpot(TM) 64-Bit Server VM (17.0.3.1+2-LTS-6, mixed mode, sharing, tiered, compressed oops, compressed class ptrs, g1 gc, windows-amd64)
GC Precious Log:
 CPUs: 4 total, 4 available
 Memory: 8140M
 Large Page Support: Disabled
 NUMA Support: Disabled
 Compressed Oops: Enabled (Zero based)
 Heap Region Size: 8M
 Heap Min Capacity: 1G
 Heap Initial Capacity: 1G
 Heap Max Capacity: 3G
 Pre-touch: Enabled
 Parallel Workers: 4
 Concurrent Workers: 1
 Concurrent Refinement Workers: 4
 Periodic GC: Disabled
Heap:
 garbage-first heap   total 2039808K, used 1646592K [0x0000000740000000, 0x0000000800000000)
  region size 8192K, 65 young (532480K), 3 survivors (24576K)
 Metaspace       used 163018K, committed 164928K, reserved 1196032K
  class space    used 23369K, committed 24256K, reserved 1048576K
GC Heap History (20 events):
Event: 31.946 GC heap before
{Heap before GC invocations=26 (full 0):
 garbage-first heap   total 1048576K, used 684368K [0x0000000740000000, 0x0000000800000000)
  region size 8192K, 51 young (417792K), 2 survivors (16384K)
 Metaspace       used 123089K, committed 124544K, reserved 1155072K
  class space    used 18069K, committed 18688K, reserved 1048576K
}
Event: 32.019 GC heap after
{Heap after GC invocations=27 (full 0):
 garbage-first heap   total 1048576K, used 344064K [0x0000000740000000, 0x0000000800000000)
  region size 8192K, 2 young (16384K), 2 survivors (16384K)
 Metaspace       used 123089K, committed 124544K, reserved 1155072K
  class space    used 18069K, committed 18688K, reserved 1048576K
}
Event: 35.614 GC heap before
{Heap before GC invocations=27 (full 0):
 garbage-first heap   total 1048576K, used 638976K [0x0000000740000000, 0x0000000800000000)
  region size 8192K, 38 young (311296K), 2 survivors (16384K)
 Metaspace       used 131408K, committed 132928K, reserved 1163264K
  class space    used 19200K, committed 19840K, reserved 1048576K
}
Event: 35.697 GC heap after
{Heap after GC invocations=28 (full 0):
 garbage-first heap   total 1048576K, used 457942K [0x0000000740000000, 0x0000000800000000)
  region size 8192K, 2 young (16384K), 2 survivors (16384K)
 Metaspace       used 131408K, committed 132928K, reserved 1163264K
  class space    used 19200K, committed 19840K, reserved 1048576K
}
Event: 37.298 GC heap before
{Heap before GC invocations=28 (full 0):
 garbage-first heap   total 1048576K, used 744662K [0x0000000740000000, 0x0000000800000000)
  region size 8192K, 38 young (311296K), 2 survivors (16384K)
 Metaspace       used 132272K, committed 133824K, reserved 1163264K
  class space    used 19283K, committed 19968K, reserved 1048576K
}
Event: 37.400 GC heap after
{Heap after GC invocations=29 (full 0):
 garbage-first heap   total 1048576K, used 655360K [0x0000000740000000, 0x0000000800000000)
  region size 8192K, 2 young (16384K), 2 survivors (16384K)
 Metaspace       used 132272K, committed 133824K, reserved 1163264K
  class space    used 19283K, committed 19968K, reserved 1048576K
}
Event: 40.858 GC heap before
{Heap before GC invocations=30 (full 0):
 garbage-first heap   total 1245184K, used 942080K [0x0000000740000000, 0x0000000800000000)
  region size 8192K, 38 young (311296K), 2 survivors (16384K)
 Metaspace       used 142187K, committed 143872K, reserved 1179648K
  class space    used 20581K, committed 21376K, reserved 1048576K
}
Event: 40.890 GC heap after
{Heap after GC invocations=31 (full 0):
 garbage-first heap   total 1245184K, used 696320K [0x0000000740000000, 0x0000000800000000)
  region size 8192K, 2 young (16384K), 2 survivors (16384K)
 Metaspace       used 142187K, committed 143872K, reserved 1179648K
  class space    used 20581K, committed 21376K, reserved 1048576K
}
Event: 44.613 GC heap before
{Heap before GC invocations=31 (full 0):
 garbage-first heap   total 1245184K, used 1048576K [0x0000000740000000, 0x0000000800000000)
  region size 8192K, 45 young (368640K), 2 survivors (16384K)
 Metaspace       used 149711K, committed 151552K, reserved 1179648K
  class space    used 21722K, committed 22528K, reserved 1048576K
}
Event: 44.657 GC heap after
{Heap after GC invocations=32 (full 0):
 garbage-first heap   total 1245184K, used 748795K [0x0000000740000000, 0x0000000800000000)
  region size 8192K, 2 young (16384K), 2 survivors (16384K)
 Metaspace       used 149711K, committed 151552K, reserved 1179648K
  class space    used 21722K, committed 22528K, reserved 1048576K
}
Event: 46.744 GC heap before
{Heap before GC invocations=32 (full 0):
 garbage-first heap   total 1245184K, used 1084667K [0x0000000740000000, 0x0000000800000000)
  region size 8192K, 44 young (360448K), 2 survivors (16384K)
 Metaspace       used 150612K, committed 152320K, reserved 1179648K
  class space    used 21823K, committed 22592K, reserved 1048576K
}
Event: 46.800 GC heap after
{Heap after GC invocations=33 (full 0):
 garbage-first heap   total 1245184K, used 841508K [0x0000000740000000, 0x0000000800000000)
  region size 8192K, 2 young (16384K), 2 survivors (16384K)
 Metaspace       used 150612K, committed 152320K, reserved 1179648K
  class space    used 21823K, committed 22592K, reserved 1048576K
}
Event: 49.492 GC heap before
{Heap before GC invocations=34 (full 0):
 garbage-first heap   total 1589248K, used 1185572K [0x0000000740000000, 0x0000000800000000)
  region size 8192K, 45 young (368640K), 2 survivors (16384K)
 Metaspace       used 150653K, committed 152448K, reserved 1179648K
  class space    used 21827K, committed 22656K, reserved 1048576K
}
Event: 49.505 GC heap after
{Heap after GC invocations=35 (full 0):
 garbage-first heap   total 1589248K, used 855942K [0x0000000740000000, 0x0000000800000000)
  region size 8192K, 2 young (16384K), 2 survivors (16384K)
 Metaspace       used 150653K, committed 152448K, reserved 1179648K
  class space    used 21827K, committed 22656K, reserved 1048576K
}
Event: 50.958 GC heap before
{Heap before GC invocations=35 (full 0):
 garbage-first heap   total 1589248K, used 1306502K [0x0000000740000000, 0x0000000800000000)
  region size 8192K, 58 young (475136K), 2 survivors (16384K)
 Metaspace       used 150696K, committed 152576K, reserved 1179648K
  class space    used 21839K, committed 22720K, reserved 1048576K
}
Event: 51.033 GC heap after
{Heap after GC invocations=36 (full 0):
 garbage-first heap   total 1589248K, used 980770K [0x0000000740000000, 0x0000000800000000)
  region size 8192K, 2 young (16384K), 2 survivors (16384K)
 Metaspace       used 150696K, committed 152576K, reserved 1179648K
  class space    used 21839K, committed 22720K, reserved 1048576K
}
Event: 53.173 GC heap before
{Heap before GC invocations=36 (full 0):
 garbage-first heap   total 1589248K, used 1390370K [0x0000000740000000, 0x0000000800000000)
  region size 8192K, 53 young (434176K), 2 survivors (16384K)
 Metaspace       used 150826K, committed 152640K, reserved 1179648K
  class space    used 21845K, committed 22720K, reserved 1048576K
}
Event: 53.222 GC heap after
{Heap after GC invocations=37 (full 0):
 garbage-first heap   total 1589248K, used 1081344K [0x0000000740000000, 0x0000000800000000)
  region size 8192K, 2 young (16384K), 2 survivors (16384K)
 Metaspace       used 150826K, committed 152640K, reserved 1179648K
  class space    used 21845K, committed 22720K, reserved 1048576K
}
Event: 60.471 GC heap before
{Heap before GC invocations=38 (full 0):
 garbage-first heap   total 2039808K, used 1671168K [0x0000000740000000, 0x0000000800000000)
  region size 8192K, 74 young (606208K), 2 survivors (16384K)
 Metaspace       used 155920K, committed 157760K, reserved 1187840K
  class space    used 22543K, committed 23360K, reserved 1048576K
}
Event: 60.544 GC heap after
{Heap after GC invocations=39 (full 0):
 garbage-first heap   total 2039808K, used 1146880K [0x0000000740000000, 0x0000000800000000)
  region size 8192K, 3 young (24576K), 3 survivors (24576K)
 Metaspace       used 155920K, committed 157760K, reserved 1187840K
  class space    used 22543K, committed 23360K, reserved 1048576K
}

