# JRE version: Java(TM) SE Runtime Environment (17.0.3.1+2) (build 17.0.3.1+2-LTS-6)
# Java VM: Java HotSpot(TM) 64-Bit Server VM (17.0.3.1+2-LTS-6, mixed mode, sharing, tiered, compressed oops, compressed class ptrs, g1 gc, windows-amd64)
GC Precious Log:
 CPUs: 4 total, 4 available
 Memory: 8140M
 Large Page Support: Disabled
 NUMA Support: Disabled
 Compressed Oops: Enabled (Zero based)
 Heap Region Size: 8M
 Heap Min Capacity: 1G
 Heap Initial Capacity: 1G
 Heap Max Capacity: 4G
 Pre-touch: Enabled
 Parallel Workers: 4
 Concurrent Workers: 1
 Concurrent Refinement Workers: 4
 Periodic GC: Disabled
Heap:
 garbage-first heap   total 1998848K, used 1612354K [0x0000000700000000, 0x0000000800000000)
  region size 8192K, 61 young (499712K), 3 survivors (24576K)
 Metaspace       used 169343K, committed 171392K, reserved 1196032K
  class space    used 24144K, committed 25088K, reserved 1048576K
GC Heap History (20 events):
Event: 52.958 GC heap before
{Heap before GC invocations=25 (full 0):
 garbage-first heap   total 1048576K, used 672601K [0x0000000700000000, 0x0000000800000000)
  region size 8192K, 51 young (417792K), 2 survivors (16384K)
 Metaspace       used 122811K, committed 124224K, reserved 1155072K
  class space    used 18051K, committed 18688K, reserved 1048576K
}
Event: 53.007 GC heap after
{Heap after GC invocations=26 (full 0):
 garbage-first heap   total 1048576K, used 305993K [0x0000000700000000, 0x0000000800000000)
  region size 8192K, 2 young (16384K), 2 survivors (16384K)
 Metaspace       used 122811K, committed 124224K, reserved 1155072K
  class space    used 18051K, committed 18688K, reserved 1048576K
}
Event: 54.863 GC heap before
{Heap before GC invocations=27 (full 0):
 garbage-first heap   total 1048576K, used 707401K [0x0000000700000000, 0x0000000800000000)
  region size 8192K, 51 young (417792K), 2 survivors (16384K)
 Metaspace       used 128102K, committed 129664K, reserved 1163264K
  class space    used 18755K, committed 19456K, reserved 1048576K
}
Event: 54.958 GC heap after
{Heap after GC invocations=28 (full 0):
 garbage-first heap   total 1048576K, used 434176K [0x0000000700000000, 0x0000000800000000)
  region size 8192K, 2 young (16384K), 2 survivors (16384K)
 Metaspace       used 128102K, committed 129664K, reserved 1163264K
  class space    used 18755K, committed 19456K, reserved 1048576K
}
Event: 56.477 GC heap before
{Heap before GC invocations=28 (full 0):
 garbage-first heap   total 1048576K, used 729088K [0x0000000700000000, 0x0000000800000000)
  region size 8192K, 38 young (311296K), 2 survivors (16384K)
 Metaspace       used 132558K, committed 134080K, reserved 1171456K
  class space    used 19371K, committed 20032K, reserved 1048576K
}
Event: 56.533 GC heap after
{Heap after GC invocations=29 (full 0):
 garbage-first heap   total 1048576K, used 528384K [0x0000000700000000, 0x0000000800000000)
  region size 8192K, 2 young (16384K), 2 survivors (16384K)
 Metaspace       used 132558K, committed 134080K, reserved 1171456K
  class space    used 19371K, committed 20032K, reserved 1048576K
}
Event: 57.686 GC heap before
{Heap before GC invocations=29 (full 0):
 garbage-first heap   total 1048576K, used 823296K [0x0000000700000000, 0x0000000800000000)
  region size 8192K, 38 young (311296K), 2 survivors (16384K)
 Metaspace       used 133690K, committed 135296K, reserved 1171456K
  class space    used 19472K, committed 20160K, reserved 1048576K
}
Event: 57.741 GC heap after
{Heap after GC invocations=30 (full 0):
 garbage-first heap   total 1048576K, used 626688K [0x0000000700000000, 0x0000000800000000)
  region size 8192K, 2 young (16384K), 2 survivors (16384K)
 Metaspace       used 133690K, committed 135296K, reserved 1171456K
  class space    used 19472K, committed 20160K, reserved 1048576K
}
Event: 58.690 GC heap before
{Heap before GC invocations=30 (full 0):
 garbage-first heap   total 1466368K, used 913408K [0x0000000700000000, 0x0000000800000000)
  region size 8192K, 38 young (311296K), 2 survivors (16384K)
 Metaspace       used 133713K, committed 135296K, reserved 1171456K
  class space    used 19472K, committed 20160K, reserved 1048576K
}
Event: 58.772 GC heap after
{Heap after GC invocations=31 (full 0):
 garbage-first heap   total 1466368K, used 806912K [0x0000000700000000, 0x0000000800000000)
  region size 8192K, 2 young (16384K), 2 survivors (16384K)
 Metaspace       used 133713K, committed 135296K, reserved 1171456K
  class space    used 19472K, committed 20160K, reserved 1048576K
}
Event: 60.334 GC heap before
{Heap before GC invocations=32 (full 0):
 garbage-first heap   total 1466368K, used 1216512K [0x0000000700000000, 0x0000000800000000)
  region size 8192K, 53 young (434176K), 2 survivors (16384K)
 Metaspace       used 137814K, committed 139456K, reserved 1171456K
  class space    used 20014K, committed 20736K, reserved 1048576K
}
Event: 60.457 GC heap after
{Heap after GC invocations=33 (full 0):
 garbage-first heap   total 1474560K, used 1040384K [0x0000000700000000, 0x0000000800000000)
  region size 8192K, 2 young (16384K), 2 survivors (16384K)
 Metaspace       used 137814K, committed 139456K, reserved 1171456K
  class space    used 20014K, committed 20736K, reserved 1048576K
}
Event: 61.967 GC heap before
{Heap before GC invocations=33 (full 0):
 garbage-first heap   total 1474560K, used 1286144K [0x0000000700000000, 0x0000000800000000)
  region size 8192K, 33 young (270336K), 2 survivors (16384K)
 Metaspace       used 142016K, committed 143744K, reserved 1179648K
  class space    used 20588K, committed 21376K, reserved 1048576K
}
Event: 62.036 GC heap after
{Heap after GC invocations=34 (full 0):
 garbage-first heap   total 1474560K, used 1110016K [0x0000000700000000, 0x0000000800000000)
  region size 8192K, 2 young (16384K), 2 survivors (16384K)
 Metaspace       used 142016K, committed 143744K, reserved 1179648K
  class space    used 20588K, committed 21376K, reserved 1048576K
}
Event: 63.456 GC heap before
{Heap before GC invocations=34 (full 0):
 garbage-first heap   total 1474560K, used 1323008K [0x0000000700000000, 0x0000000800000000)
  region size 8192K, 29 young (237568K), 2 survivors (16384K)
 Metaspace       used 147713K, committed 149504K, reserved 1179648K
  class space    used 21406K, committed 22208K, reserved 1048576K
}
Event: 63.492 GC heap after
{Heap after GC invocations=35 (full 0):
 garbage-first heap   total 1474560K, used 1150976K [0x0000000700000000, 0x0000000800000000)
  region size 8192K, 2 young (16384K), 2 survivors (16384K)
 Metaspace       used 147713K, committed 149504K, reserved 1179648K
  class space    used 21406K, committed 22208K, reserved 1048576K
}
Event: 71.699 GC heap before
{Heap before GC invocations=36 (full 0):
 garbage-first heap   total 1998848K, used 1683456K [0x0000000700000000, 0x0000000800000000)
  region size 8192K, 72 young (589824K), 2 survivors (16384K)
 Metaspace       used 159553K, committed 161408K, reserved 1187840K
  class space    used 23164K, committed 24000K, reserved 1048576K
}
Event: 71.750 GC heap after
{Heap after GC invocations=37 (full 0):
 garbage-first heap   total 1998848K, used 1159959K [0x0000000700000000, 0x0000000800000000)
  region size 8192K, 3 young (24576K), 3 survivors (24576K)
 Metaspace       used 159553K, committed 161408K, reserved 1187840K
  class space    used 23164K, committed 24000K, reserved 1048576K
}
Event: 157.635 GC heap before
{Heap before GC invocations=37 (full 0):
 garbage-first heap   total 1998848K, used 1733399K [0x0000000700000000, 0x0000000800000000)
  region size 8192K, 73 young (598016K), 3 survivors (24576K)
 Metaspace       used 167718K, committed 169792K, reserved 1196032K
  class space    used 24032K, committed 24960K, reserved 1048576K
}
Event: 157.678 GC heap after
{Heap after GC invocations=38 (full 0):
 garbage-first heap   total 1998848K, used 1145410K [0x0000000700000000, 0x0000000800000000)
  region size 8192K, 3 young (24576K), 3 survivors (24576K)
 Metaspace       used 167718K, committed 169792K, reserved 1196032K
  class space    used 24032K, committed 24960K, reserved 1048576K
}

