# JRE version: Java(TM) SE Runtime Environment (17.0.3.1+2) (build 17.0.3.1+2-LTS-6)
# Java VM: Java HotSpot(TM) 64-Bit Server VM (17.0.3.1+2-LTS-6, mixed mode, sharing, tiered, compressed oops, compressed class ptrs, g1 gc, windows-amd64)
GC Precious Log:
 CPUs: 4 total, 4 available
 Memory: 8140M
 Large Page Support: Disabled
 NUMA Support: Disabled
 Compressed Oops: Enabled (Zero based)
 Heap Region Size: 8M
 Heap Min Capacity: 1G
 Heap Initial Capacity: 1G
 Heap Max Capacity: 5G
 Pre-touch: Enabled
 Parallel Workers: 4
 Concurrent Workers: 1
 Concurrent Refinement Workers: 4
 Periodic GC: Disabled
Heap:
 garbage-first heap   total 3145728K, used 1998959K [0x00000006c0000000, 0x0000000800000000)
  region size 8192K, 42 young (344064K), 1 survivors (8192K)
 Metaspace       used 179653K, committed 181888K, reserved 1212416K
  class space    used 25140K, committed 26112K, reserved 1048576K
GC Heap History (20 events):
Event: 1541.331 GC heap before
{Heap before GC invocations=93 (full 0):
 garbage-first heap   total 3145728K, used 2399505K [0x00000006c0000000, 0x0000000800000000)
  region size 8192K, 115 young (942080K), 4 survivors (32768K)
 Metaspace       used 179319K, committed 181568K, reserved 1212416K
  class space    used 25097K, committed 26112K, reserved 1048576K
}
Event: 1541.403 GC heap after
{Heap after GC invocations=94 (full 0):
 garbage-first heap   total 3145728K, used 1453174K [0x00000006c0000000, 0x0000000800000000)
  region size 8192K, 4 young (32768K), 4 survivors (32768K)
 Metaspace       used 179319K, committed 181568K, reserved 1212416K
  class space    used 25097K, committed 26112K, reserved 1048576K
}
Event: 1549.697 GC heap before
{Heap before GC invocations=94 (full 0):
 garbage-first heap   total 3145728K, used 2403446K [0x00000006c0000000, 0x0000000800000000)
  region size 8192K, 121 young (991232K), 4 survivors (32768K)
 Metaspace       used 179324K, committed 181568K, reserved 1212416K
  class space    used 25097K, committed 26112K, reserved 1048576K
}
Event: 1549.769 GC heap after
{Heap after GC invocations=95 (full 0):
 garbage-first heap   total 3145728K, used 1512453K [0x00000006c0000000, 0x0000000800000000)
  region size 8192K, 4 young (32768K), 4 survivors (32768K)
 Metaspace       used 179324K, committed 181568K, reserved 1212416K
  class space    used 25097K, committed 26112K, reserved 1048576K
}
Event: 1601.097 GC heap before
{Heap before GC invocations=96 (full 0):
 garbage-first heap   total 3145728K, used 2569221K [0x00000006c0000000, 0x0000000800000000)
  region size 8192K, 115 young (942080K), 4 survivors (32768K)
 Metaspace       used 179558K, committed 181760K, reserved 1212416K
  class space    used 25134K, committed 26112K, reserved 1048576K
}
Event: 1602.234 GC heap after
{Heap after GC invocations=97 (full 0):
 garbage-first heap   total 3145728K, used 1749937K [0x00000006c0000000, 0x0000000800000000)
  region size 8192K, 4 young (32768K), 4 survivors (32768K)
 Metaspace       used 179558K, committed 181760K, reserved 1212416K
  class space    used 25134K, committed 26112K, reserved 1048576K
}
Event: 1602.871 GC heap before
{Heap before GC invocations=97 (full 0):
 garbage-first heap   total 3145728K, used 2659249K [0x00000006c0000000, 0x0000000800000000)
  region size 8192K, 115 young (942080K), 4 survivors (32768K)
 Metaspace       used 179558K, committed 181760K, reserved 1212416K
  class space    used 25134K, committed 26112K, reserved 1048576K
}
Event: 1602.903 GC heap after
{Heap after GC invocations=98 (full 0):
 garbage-first heap   total 3145728K, used 1753887K [0x00000006c0000000, 0x0000000800000000)
  region size 8192K, 1 young (8192K), 1 survivors (8192K)
 Metaspace       used 179558K, committed 181760K, reserved 1212416K
  class space    used 25134K, committed 26112K, reserved 1048576K
}
Event: 1603.508 GC heap before
{Heap before GC invocations=98 (full 0):
 garbage-first heap   total 3145728K, used 2687775K [0x00000006c0000000, 0x0000000800000000)
  region size 8192K, 115 young (942080K), 1 survivors (8192K)
 Metaspace       used 179558K, committed 181760K, reserved 1212416K
  class space    used 25134K, committed 26112K, reserved 1048576K
}
Event: 1603.527 GC heap after
{Heap after GC invocations=99 (full 0):
 garbage-first heap   total 3145728K, used 1746123K [0x00000006c0000000, 0x0000000800000000)
  region size 8192K, 1 young (8192K), 1 survivors (8192K)
 Metaspace       used 179558K, committed 181760K, reserved 1212416K
  class space    used 25134K, committed 26112K, reserved 1048576K
}
Event: 1604.177 GC heap before
{Heap before GC invocations=99 (full 0):
 garbage-first heap   total 3145728K, used 2680011K [0x00000006c0000000, 0x0000000800000000)
  region size 8192K, 115 young (942080K), 1 survivors (8192K)
 Metaspace       used 179558K, committed 181760K, reserved 1212416K
  class space    used 25134K, committed 26112K, reserved 1048576K
}
Event: 1604.189 GC heap after
{Heap after GC invocations=100 (full 0):
 garbage-first heap   total 3145728K, used 1739335K [0x00000006c0000000, 0x0000000800000000)
  region size 8192K, 1 young (8192K), 1 survivors (8192K)
 Metaspace       used 179558K, committed 181760K, reserved 1212416K
  class space    used 25134K, committed 26112K, reserved 1048576K
}
Event: 1617.451 GC heap before
{Heap before GC invocations=100 (full 0):
 garbage-first heap   total 3145728K, used 2673223K [0x00000006c0000000, 0x0000000800000000)
  region size 8192K, 115 young (942080K), 1 survivors (8192K)
 Metaspace       used 179636K, committed 181824K, reserved 1212416K
  class space    used 25139K, committed 26112K, reserved 1048576K
}
Event: 1617.491 GC heap after
{Heap after GC invocations=101 (full 0):
 garbage-first heap   total 3145728K, used 1724886K [0x00000006c0000000, 0x0000000800000000)
  region size 8192K, 1 young (8192K), 1 survivors (8192K)
 Metaspace       used 179636K, committed 181824K, reserved 1212416K
  class space    used 25139K, committed 26112K, reserved 1048576K
}
Event: 1618.461 GC heap before
{Heap before GC invocations=101 (full 0):
 garbage-first heap   total 3145728K, used 2658774K [0x00000006c0000000, 0x0000000800000000)
  region size 8192K, 115 young (942080K), 1 survivors (8192K)
 Metaspace       used 179650K, committed 181888K, reserved 1212416K
  class space    used 25140K, committed 26112K, reserved 1048576K
}
Event: 1618.464 GC heap after
{Heap after GC invocations=102 (full 0):
 garbage-first heap   total 3145728K, used 1727831K [0x00000006c0000000, 0x0000000800000000)
  region size 8192K, 1 young (8192K), 1 survivors (8192K)
 Metaspace       used 179650K, committed 181888K, reserved 1212416K
  class space    used 25140K, committed 26112K, reserved 1048576K
}
Event: 1618.953 GC heap before
{Heap before GC invocations=102 (full 0):
 garbage-first heap   total 3145728K, used 2661719K [0x00000006c0000000, 0x0000000800000000)
  region size 8192K, 115 young (942080K), 1 survivors (8192K)
 Metaspace       used 179650K, committed 181888K, reserved 1212416K
  class space    used 25140K, committed 26112K, reserved 1048576K
}
Event: 1618.954 GC heap after
{Heap after GC invocations=103 (full 0):
 garbage-first heap   total 3145728K, used 1728530K [0x00000006c0000000, 0x0000000800000000)
  region size 8192K, 1 young (8192K), 1 survivors (8192K)
 Metaspace       used 179650K, committed 181888K, reserved 1212416K
  class space    used 25140K, committed 26112K, reserved 1048576K
}
Event: 1619.381 GC heap before
{Heap before GC invocations=103 (full 0):
 garbage-first heap   total 3145728K, used 2662418K [0x00000006c0000000, 0x0000000800000000)
  region size 8192K, 115 young (942080K), 1 survivors (8192K)
 Metaspace       used 179650K, committed 181888K, reserved 1212416K
  class space    used 25140K, committed 26112K, reserved 1048576K
}
Event: 1619.383 GC heap after
{Heap after GC invocations=104 (full 0):
 garbage-first heap   total 3145728K, used 1728623K [0x00000006c0000000, 0x0000000800000000)
  region size 8192K, 1 young (8192K), 1 survivors (8192K)
 Metaspace       used 179650K, committed 181888K, reserved 1212416K
  class space    used 25140K, committed 26112K, reserved 1048576K
}

