# JRE version: Java(TM) SE Runtime Environment (17.0.3.1+2) (build 17.0.3.1+2-LTS-6)
# Java VM: Java HotSpot(TM) 64-Bit Server VM (17.0.3.1+2-LTS-6, mixed mode, sharing, tiered, compressed oops, compressed class ptrs, g1 gc, windows-amd64)
GC Precious Log:
 CPUs: 4 total, 4 available
 Memory: 8140M
 Large Page Support: Disabled
 NUMA Support: Disabled
 Compressed Oops: Enabled (Zero based)
 Heap Region Size: 8M
 Heap Min Capacity: 1G
 Heap Initial Capacity: 1G
 Heap Max Capacity: 5G
 Pre-touch: Enabled
 Parallel Workers: 4
 Concurrent Workers: 1
 Concurrent Refinement Workers: 4
 Periodic GC: Disabled
Heap:
 garbage-first heap   total 2867200K, used 1988953K [0x00000006c0000000, 0x0000000800000000)
  region size 8192K, 88 young (720896K), 4 survivors (32768K)
 Metaspace       used 171902K, committed 173952K, reserved 1204224K
  class space    used 24344K, committed 25280K, reserved 1048576K
GC Heap History (20 events):
Event: 379.354 GC heap before
{Heap before GC invocations=45 (full 0):
 garbage-first heap   total 2146304K, used 1815005K [0x00000006c0000000, 0x0000000800000000)
  region size 8192K, 78 young (638976K), 3 survivors (24576K)
 Metaspace       used 170999K, committed 172992K, reserved 1204224K
  class space    used 24241K, committed 25152K, reserved 1048576K
}
Event: 379.577 GC heap after
{Heap after GC invocations=46 (full 0):
 garbage-first heap   total 2146304K, used 1071905K [0x00000006c0000000, 0x0000000800000000)
  region size 8192K, 3 young (24576K), 3 survivors (24576K)
 Metaspace       used 170999K, committed 172992K, reserved 1204224K
  class space    used 24241K, committed 25152K, reserved 1048576K
}
Event: 387.917 GC heap before
{Heap before GC invocations=46 (full 0):
 garbage-first heap   total 2146304K, used 1686305K [0x00000006c0000000, 0x0000000800000000)
  region size 8192K, 78 young (638976K), 3 survivors (24576K)
 Metaspace       used 171030K, committed 173056K, reserved 1204224K
  class space    used 24241K, committed 25152K, reserved 1048576K
}
Event: 388.003 GC heap after
{Heap after GC invocations=47 (full 0):
 garbage-first heap   total 2146304K, used 1060908K [0x00000006c0000000, 0x0000000800000000)
  region size 8192K, 3 young (24576K), 3 survivors (24576K)
 Metaspace       used 171030K, committed 173056K, reserved 1204224K
  class space    used 24241K, committed 25152K, reserved 1048576K
}
Event: 408.074 GC heap before
{Heap before GC invocations=47 (full 0):
 garbage-first heap   total 2146304K, used 1699884K [0x00000006c0000000, 0x0000000800000000)
  region size 8192K, 78 young (638976K), 3 survivors (24576K)
 Metaspace       used 171274K, committed 173312K, reserved 1204224K
  class space    used 24280K, committed 25216K, reserved 1048576K
}
Event: 408.232 GC heap after
{Heap after GC invocations=48 (full 0):
 garbage-first heap   total 2146304K, used 1115747K [0x00000006c0000000, 0x0000000800000000)
  region size 8192K, 3 young (24576K), 3 survivors (24576K)
 Metaspace       used 171274K, committed 173312K, reserved 1204224K
  class space    used 24280K, committed 25216K, reserved 1048576K
}
Event: 433.596 GC heap before
{Heap before GC invocations=48 (full 0):
 garbage-first heap   total 2146304K, used 1721955K [0x00000006c0000000, 0x0000000800000000)
  region size 8192K, 78 young (638976K), 3 survivors (24576K)
 Metaspace       used 171319K, committed 173376K, reserved 1204224K
  class space    used 24282K, committed 25216K, reserved 1048576K
}
Event: 433.651 GC heap after
{Heap after GC invocations=49 (full 0):
 garbage-first heap   total 2146304K, used 1124908K [0x00000006c0000000, 0x0000000800000000)
  region size 8192K, 3 young (24576K), 3 survivors (24576K)
 Metaspace       used 171319K, committed 173376K, reserved 1204224K
  class space    used 24282K, committed 25216K, reserved 1048576K
}
Event: 434.966 GC heap before
{Heap before GC invocations=49 (full 0):
 garbage-first heap   total 2867200K, used 1731116K [0x00000006c0000000, 0x0000000800000000)
  region size 8192K, 78 young (638976K), 3 survivors (24576K)
 Metaspace       used 171322K, committed 173376K, reserved 1204224K
  class space    used 24282K, committed 25216K, reserved 1048576K
}
Event: 435.089 GC heap after
{Heap after GC invocations=50 (full 0):
 garbage-first heap   total 2867200K, used 1170466K [0x00000006c0000000, 0x0000000800000000)
  region size 8192K, 3 young (24576K), 3 survivors (24576K)
 Metaspace       used 171322K, committed 173376K, reserved 1204224K
  class space    used 24282K, committed 25216K, reserved 1048576K
}
Event: 444.174 GC heap before
{Heap before GC invocations=51 (full 0):
 garbage-first heap   total 2867200K, used 2006050K [0x00000006c0000000, 0x0000000800000000)
  region size 8192K, 105 young (860160K), 3 survivors (24576K)
 Metaspace       used 171396K, committed 173440K, reserved 1204224K
  class space    used 24293K, committed 25216K, reserved 1048576K
}
Event: 444.246 GC heap after
{Heap after GC invocations=52 (full 0):
 garbage-first heap   total 2867200K, used 1261568K [0x00000006c0000000, 0x0000000800000000)
  region size 8192K, 4 young (32768K), 4 survivors (32768K)
 Metaspace       used 171396K, committed 173440K, reserved 1204224K
  class space    used 24293K, committed 25216K, reserved 1048576K
}
Event: 445.117 GC heap before
{Heap before GC invocations=52 (full 0):
 garbage-first heap   total 2867200K, used 2088960K [0x00000006c0000000, 0x0000000800000000)
  region size 8192K, 105 young (860160K), 4 survivors (32768K)
 Metaspace       used 171493K, committed 173504K, reserved 1204224K
  class space    used 24314K, committed 25216K, reserved 1048576K
}
Event: 445.197 GC heap after
{Heap after GC invocations=53 (full 0):
 garbage-first heap   total 2867200K, used 1337344K [0x00000006c0000000, 0x0000000800000000)
  region size 8192K, 4 young (32768K), 4 survivors (32768K)
 Metaspace       used 171493K, committed 173504K, reserved 1204224K
  class space    used 24314K, committed 25216K, reserved 1048576K
}
Event: 457.529 GC heap before
{Heap before GC invocations=53 (full 0):
 garbage-first heap   total 2867200K, used 2164736K [0x00000006c0000000, 0x0000000800000000)
  region size 8192K, 105 young (860160K), 4 survivors (32768K)
 Metaspace       used 171578K, committed 173568K, reserved 1204224K
  class space    used 24323K, committed 25216K, reserved 1048576K
}
Event: 457.589 GC heap after
{Heap after GC invocations=54 (full 0):
 garbage-first heap   total 2867200K, used 1363968K [0x00000006c0000000, 0x0000000800000000)
  region size 8192K, 4 young (32768K), 4 survivors (32768K)
 Metaspace       used 171578K, committed 173568K, reserved 1204224K
  class space    used 24323K, committed 25216K, reserved 1048576K
}
Event: 478.774 GC heap before
{Heap before GC invocations=54 (full 0):
 garbage-first heap   total 2867200K, used 2199552K [0x00000006c0000000, 0x0000000800000000)
  region size 8192K, 105 young (860160K), 4 survivors (32768K)
 Metaspace       used 171711K, committed 173696K, reserved 1204224K
  class space    used 24330K, committed 25216K, reserved 1048576K
}
Event: 478.810 GC heap after
{Heap after GC invocations=55 (full 0):
 garbage-first heap   total 2867200K, used 1393056K [0x00000006c0000000, 0x0000000800000000)
  region size 8192K, 4 young (32768K), 4 survivors (32768K)
 Metaspace       used 171711K, committed 173696K, reserved 1204224K
  class space    used 24330K, committed 25216K, reserved 1048576K
}
Event: 529.193 GC heap before
{Heap before GC invocations=55 (full 0):
 garbage-first heap   total 2867200K, used 2212256K [0x00000006c0000000, 0x0000000800000000)
  region size 8192K, 105 young (860160K), 4 survivors (32768K)
 Metaspace       used 171893K, committed 173888K, reserved 1204224K
  class space    used 24344K, committed 25280K, reserved 1048576K
}
Event: 529.229 GC heap after
{Heap after GC invocations=56 (full 0):
 garbage-first heap   total 2867200K, used 1423705K [0x00000006c0000000, 0x0000000800000000)
  region size 8192K, 4 young (32768K), 4 survivors (32768K)
 Metaspace       used 171893K, committed 173888K, reserved 1204224K
  class space    used 24344K, committed 25280K, reserved 1048576K
}

