# JRE version: Java(TM) SE Runtime Environment (17.0.3.1+2) (build 17.0.3.1+2-LTS-6)
# Java VM: Java HotSpot(TM) 64-Bit Server VM (17.0.3.1+2-LTS-6, mixed mode, sharing, tiered, compressed oops, compressed class ptrs, g1 gc, windows-amd64)
GC Precious Log:
 CPUs: 4 total, 4 available
 Memory: 8140M
 Large Page Support: Disabled
 NUMA Support: Disabled
 Compressed Oops: Enabled (Zero based)
 Heap Region Size: 8M
 Heap Min Capacity: 1G
 Heap Initial Capacity: 1G
 Heap Max Capacity: 3G
 Pre-touch: Enabled
 Parallel Workers: 4
 Concurrent Workers: 1
 Concurrent Refinement Workers: 4
 Periodic GC: Disabled
Heap:
 garbage-first heap   total 1859584K, used 1646592K [0x0000000740000000, 0x0000000800000000)
  region size 8192K, 66 young (540672K), 3 survivors (24576K)
 Metaspace       used 177279K, committed 179392K, reserved 1204224K
  class space    used 24928K, committed 25856K, reserved 1048576K
GC Heap History (20 events):
Event: 721.972 GC heap before
{Heap before GC invocations=62 (full 0):
 garbage-first heap   total 1859584K, used 1474450K [0x0000000740000000, 0x0000000800000000)
  region size 8192K, 68 young (557056K), 1 survivors (8192K)
 Metaspace       used 176588K, committed 178688K, reserved 1204224K
  class space    used 24869K, committed 25792K, reserved 1048576K
}
Event: 721.975 GC heap after
{Heap after GC invocations=63 (full 0):
 garbage-first heap   total 1859584K, used 926667K [0x0000000740000000, 0x0000000800000000)
  region size 8192K, 1 young (8192K), 1 survivors (8192K)
 Metaspace       used 176588K, committed 178688K, reserved 1204224K
  class space    used 24869K, committed 25792K, reserved 1048576K
}
Event: 751.866 GC heap before
{Heap before GC invocations=63 (full 0):
 garbage-first heap   total 1859584K, used 1475531K [0x0000000740000000, 0x0000000800000000)
  region size 8192K, 68 young (557056K), 1 survivors (8192K)
 Metaspace       used 176659K, committed 178752K, reserved 1204224K
  class space    used 24870K, committed 25792K, reserved 1048576K
}
Event: 751.890 GC heap after
{Heap after GC invocations=64 (full 0):
 garbage-first heap   total 1859584K, used 912331K [0x0000000740000000, 0x0000000800000000)
  region size 8192K, 1 young (8192K), 1 survivors (8192K)
 Metaspace       used 176659K, committed 178752K, reserved 1204224K
  class space    used 24870K, committed 25792K, reserved 1048576K
}
Event: 794.927 GC heap before
{Heap before GC invocations=64 (full 0):
 garbage-first heap   total 1859584K, used 1461195K [0x0000000740000000, 0x0000000800000000)
  region size 8192K, 68 young (557056K), 1 survivors (8192K)
 Metaspace       used 176751K, committed 178816K, reserved 1204224K
  class space    used 24871K, committed 25792K, reserved 1048576K
}
Event: 794.931 GC heap after
{Heap after GC invocations=65 (full 0):
 garbage-first heap   total 1859584K, used 916057K [0x0000000740000000, 0x0000000800000000)
  region size 8192K, 1 young (8192K), 1 survivors (8192K)
 Metaspace       used 176751K, committed 178816K, reserved 1204224K
  class space    used 24871K, committed 25792K, reserved 1048576K
}
Event: 846.466 GC heap before
{Heap before GC invocations=66 (full 0):
 garbage-first heap   total 1859584K, used 1464921K [0x0000000740000000, 0x0000000800000000)
  region size 8192K, 68 young (557056K), 1 survivors (8192K)
 Metaspace       used 176774K, committed 178816K, reserved 1204224K
  class space    used 24871K, committed 25792K, reserved 1048576K
}
Event: 846.470 GC heap after
{Heap after GC invocations=67 (full 0):
 garbage-first heap   total 1859584K, used 917059K [0x0000000740000000, 0x0000000800000000)
  region size 8192K, 1 young (8192K), 1 survivors (8192K)
 Metaspace       used 176774K, committed 178816K, reserved 1204224K
  class space    used 24871K, committed 25792K, reserved 1048576K
}
Event: 898.269 GC heap before
{Heap before GC invocations=67 (full 0):
 garbage-first heap   total 1859584K, used 1465923K [0x0000000740000000, 0x0000000800000000)
  region size 8192K, 68 young (557056K), 1 survivors (8192K)
 Metaspace       used 176923K, committed 179008K, reserved 1204224K
  class space    used 24884K, committed 25856K, reserved 1048576K
}
Event: 898.285 GC heap after
{Heap after GC invocations=68 (full 0):
 garbage-first heap   total 1859584K, used 906344K [0x0000000740000000, 0x0000000800000000)
  region size 8192K, 1 young (8192K), 1 survivors (8192K)
 Metaspace       used 176923K, committed 179008K, reserved 1204224K
  class space    used 24884K, committed 25856K, reserved 1048576K
}
Event: 951.318 GC heap before
{Heap before GC invocations=68 (full 0):
 garbage-first heap   total 1859584K, used 1463400K [0x0000000740000000, 0x0000000800000000)
  region size 8192K, 69 young (565248K), 1 survivors (8192K)
 Metaspace       used 177059K, committed 179200K, reserved 1204224K
  class space    used 24884K, committed 25856K, reserved 1048576K
}
Event: 951.322 GC heap after
{Heap after GC invocations=69 (full 0):
 garbage-first heap   total 1859584K, used 909401K [0x0000000740000000, 0x0000000800000000)
  region size 8192K, 1 young (8192K), 1 survivors (8192K)
 Metaspace       used 177059K, committed 179200K, reserved 1204224K
  class space    used 24884K, committed 25856K, reserved 1048576K
}
Event: 964.364 GC heap before
{Heap before GC invocations=70 (full 0):
 garbage-first heap   total 1859584K, used 1466457K [0x0000000740000000, 0x0000000800000000)
  region size 8192K, 69 young (565248K), 1 survivors (8192K)
 Metaspace       used 177143K, committed 179264K, reserved 1204224K
  class space    used 24896K, committed 25856K, reserved 1048576K
}
Event: 964.394 GC heap after
{Heap after GC invocations=71 (full 0):
 garbage-first heap   total 1859584K, used 956604K [0x0000000740000000, 0x0000000800000000)
  region size 8192K, 3 young (24576K), 3 survivors (24576K)
 Metaspace       used 177143K, committed 179264K, reserved 1204224K
  class space    used 24896K, committed 25856K, reserved 1048576K
}
Event: 964.829 GC heap before
{Heap before GC invocations=71 (full 0):
 garbage-first heap   total 1859584K, used 1489084K [0x0000000740000000, 0x0000000800000000)
  region size 8192K, 68 young (557056K), 3 survivors (24576K)
 Metaspace       used 177145K, committed 179264K, reserved 1204224K
  class space    used 24896K, committed 25856K, reserved 1048576K
}
Event: 964.892 GC heap after
{Heap after GC invocations=72 (full 0):
 garbage-first heap   total 1859584K, used 1009412K [0x0000000740000000, 0x0000000800000000)
  region size 8192K, 3 young (24576K), 3 survivors (24576K)
 Metaspace       used 177145K, committed 179264K, reserved 1204224K
  class space    used 24896K, committed 25856K, reserved 1048576K
}
Event: 965.365 GC heap before
{Heap before GC invocations=72 (full 0):
 garbage-first heap   total 1859584K, used 1541892K [0x0000000740000000, 0x0000000800000000)
  region size 8192K, 68 young (557056K), 3 survivors (24576K)
 Metaspace       used 177201K, committed 179328K, reserved 1204224K
  class space    used 24910K, committed 25856K, reserved 1048576K
}
Event: 965.417 GC heap after
{Heap after GC invocations=73 (full 0):
 garbage-first heap   total 1859584K, used 1081344K [0x0000000740000000, 0x0000000800000000)
  region size 8192K, 3 young (24576K), 3 survivors (24576K)
 Metaspace       used 177201K, committed 179328K, reserved 1204224K
  class space    used 24910K, committed 25856K, reserved 1048576K
}
Event: 965.990 GC heap before
{Heap before GC invocations=73 (full 0):
 garbage-first heap   total 1859584K, used 1613824K [0x0000000740000000, 0x0000000800000000)
  region size 8192K, 68 young (557056K), 3 survivors (24576K)
 Metaspace       used 177223K, committed 179328K, reserved 1204224K
  class space    used 24916K, committed 25856K, reserved 1048576K
}
Event: 966.036 GC heap after
{Heap after GC invocations=74 (full 0):
 garbage-first heap   total 1859584K, used 1138688K [0x0000000740000000, 0x0000000800000000)
  region size 8192K, 3 young (24576K), 3 survivors (24576K)
 Metaspace       used 177223K, committed 179328K, reserved 1204224K
  class space    used 24916K, committed 25856K, reserved 1048576K
}

