# JRE version: Java(TM) SE Runtime Environment (17.0.3.1+2) (build 17.0.3.1+2-LTS-6)
# Java VM: Java HotSpot(TM) 64-Bit Server VM (17.0.3.1+2-LTS-6, mixed mode, sharing, tiered, compressed oops, compressed class ptrs, g1 gc, windows-amd64)
GC Precious Log:
 CPUs: 4 total, 4 available
 Memory: 8140M
 Large Page Support: Disabled
 NUMA Support: Disabled
 Compressed Oops: Enabled (Zero based)
 Heap Region Size: 8M
 Heap Min Capacity: 1G
 Heap Initial Capacity: 1G
 Heap Max Capacity: 5G
 Pre-touch: Enabled
 Parallel Workers: 4
 Concurrent Workers: 1
 Concurrent Refinement Workers: 4
 Periodic GC: Disabled
Heap:
 garbage-first heap   total 1622016K, used 1236992K [0x00000006c0000000, 0x0000000800000000)
  region size 8192K, 8 young (65536K), 2 survivors (16384K)
 Metaspace       used 163394K, committed 165312K, reserved 1196032K
  class space    used 23381K, committed 24256K, reserved 1048576K
GC Heap History (20 events):
Event: 27.837 GC heap before
{Heap before GC invocations=26 (full 0):
 garbage-first heap   total 1048576K, used 705345K [0x00000006c0000000, 0x0000000800000000)
  region size 8192K, 51 young (417792K), 2 survivors (16384K)
 Metaspace       used 129193K, committed 130752K, reserved 1163264K
  class space    used 18857K, committed 19520K, reserved 1048576K
}
Event: 27.943 GC heap after
{Heap after GC invocations=27 (full 0):
 garbage-first heap   total 1048576K, used 420681K [0x00000006c0000000, 0x0000000800000000)
  region size 8192K, 2 young (16384K), 2 survivors (16384K)
 Metaspace       used 129193K, committed 130752K, reserved 1163264K
  class space    used 18857K, committed 19520K, reserved 1048576K
}
Event: 29.770 GC heap before
{Heap before GC invocations=28 (full 0):
 garbage-first heap   total 1048576K, used 707401K [0x00000006c0000000, 0x0000000800000000)
  region size 8192K, 38 young (311296K), 2 survivors (16384K)
 Metaspace       used 137205K, committed 138816K, reserved 1171456K
  class space    used 19931K, committed 20672K, reserved 1048576K
}
Event: 29.830 GC heap after
{Heap after GC invocations=29 (full 0):
 garbage-first heap   total 1048576K, used 507904K [0x00000006c0000000, 0x0000000800000000)
  region size 8192K, 2 young (16384K), 2 survivors (16384K)
 Metaspace       used 137205K, committed 138816K, reserved 1171456K
  class space    used 19931K, committed 20672K, reserved 1048576K
}
Event: 31.528 GC heap before
{Heap before GC invocations=29 (full 0):
 garbage-first heap   total 1048576K, used 802816K [0x00000006c0000000, 0x0000000800000000)
  region size 8192K, 38 young (311296K), 2 survivors (16384K)
 Metaspace       used 144799K, committed 146496K, reserved 1179648K
  class space    used 20987K, committed 21760K, reserved 1048576K
}
Event: 31.571 GC heap after
{Heap after GC invocations=30 (full 0):
 garbage-first heap   total 1048576K, used 561152K [0x00000006c0000000, 0x0000000800000000)
  region size 8192K, 2 young (16384K), 2 survivors (16384K)
 Metaspace       used 144799K, committed 146496K, reserved 1179648K
  class space    used 20987K, committed 21760K, reserved 1048576K
}
Event: 33.431 GC heap before
{Heap before GC invocations=30 (full 0):
 garbage-first heap   total 1048576K, used 847872K [0x00000006c0000000, 0x0000000800000000)
  region size 8192K, 38 young (311296K), 2 survivors (16384K)
 Metaspace       used 150605K, committed 152384K, reserved 1179648K
  class space    used 21865K, committed 22656K, reserved 1048576K
}
Event: 33.502 GC heap after
{Heap after GC invocations=31 (full 0):
 garbage-first heap   total 1048576K, used 691217K [0x00000006c0000000, 0x0000000800000000)
  region size 8192K, 2 young (16384K), 2 survivors (16384K)
 Metaspace       used 150605K, committed 152384K, reserved 1179648K
  class space    used 21865K, committed 22656K, reserved 1048576K
}
Event: 36.205 GC heap before
{Heap before GC invocations=32 (full 0):
 garbage-first heap   total 1351680K, used 986129K [0x00000006c0000000, 0x0000000800000000)
  region size 8192K, 38 young (311296K), 2 survivors (16384K)
 Metaspace       used 155425K, committed 157312K, reserved 1187840K
  class space    used 22607K, committed 23424K, reserved 1048576K
}
Event: 36.230 GC heap after
{Heap after GC invocations=33 (full 0):
 garbage-first heap   total 1351680K, used 724992K [0x00000006c0000000, 0x0000000800000000)
  region size 8192K, 2 young (16384K), 2 survivors (16384K)
 Metaspace       used 155425K, committed 157312K, reserved 1187840K
  class space    used 22607K, committed 23424K, reserved 1048576K
}
Event: 38.023 GC heap before
{Heap before GC invocations=33 (full 0):
 garbage-first heap   total 1351680K, used 1110016K [0x00000006c0000000, 0x0000000800000000)
  region size 8192K, 49 young (401408K), 2 survivors (16384K)
 Metaspace       used 157930K, committed 159744K, reserved 1187840K
  class space    used 22889K, committed 23744K, reserved 1048576K
}
Event: 38.076 GC heap after
{Heap after GC invocations=34 (full 0):
 garbage-first heap   total 1351680K, used 796898K [0x00000006c0000000, 0x0000000800000000)
  region size 8192K, 2 young (16384K), 2 survivors (16384K)
 Metaspace       used 157930K, committed 159744K, reserved 1187840K
  class space    used 22889K, committed 23744K, reserved 1048576K
}
Event: 44.237 GC heap before
{Heap before GC invocations=34 (full 0):
 garbage-first heap   total 1351680K, used 1181922K [0x00000006c0000000, 0x0000000800000000)
  region size 8192K, 49 young (401408K), 2 survivors (16384K)
 Metaspace       used 161841K, committed 163776K, reserved 1196032K
  class space    used 23257K, committed 24128K, reserved 1048576K
}
Event: 44.271 GC heap after
{Heap after GC invocations=35 (full 0):
 garbage-first heap   total 1351680K, used 847508K [0x00000006c0000000, 0x0000000800000000)
  region size 8192K, 2 young (16384K), 2 survivors (16384K)
 Metaspace       used 161841K, committed 163776K, reserved 1196032K
  class space    used 23257K, committed 24128K, reserved 1048576K
}
Event: 47.564 GC heap before
{Heap before GC invocations=36 (full 0):
 garbage-first heap   total 1556480K, used 1298068K [0x00000006c0000000, 0x0000000800000000)
  region size 8192K, 57 young (466944K), 2 survivors (16384K)
 Metaspace       used 162890K, committed 164800K, reserved 1196032K
  class space    used 23370K, committed 24256K, reserved 1048576K
}
Event: 47.641 GC heap after
{Heap after GC invocations=37 (full 0):
 garbage-first heap   total 1556480K, used 1023921K [0x00000006c0000000, 0x0000000800000000)
  region size 8192K, 2 young (16384K), 2 survivors (16384K)
 Metaspace       used 162890K, committed 164800K, reserved 1196032K
  class space    used 23370K, committed 24256K, reserved 1048576K
}
Event: 49.844 GC heap before
{Heap before GC invocations=37 (full 0):
 garbage-first heap   total 1556480K, used 1384369K [0x00000006c0000000, 0x0000000800000000)
  region size 8192K, 47 young (385024K), 2 survivors (16384K)
 Metaspace       used 163183K, committed 165120K, reserved 1196032K
  class space    used 23377K, committed 24256K, reserved 1048576K
}
Event: 49.958 GC heap after
{Heap after GC invocations=38 (full 0):
 garbage-first heap   total 1622016K, used 1142784K [0x00000006c0000000, 0x0000000800000000)
  region size 8192K, 2 young (16384K), 2 survivors (16384K)
 Metaspace       used 163183K, committed 165120K, reserved 1196032K
  class space    used 23377K, committed 24256K, reserved 1048576K
}
Event: 53.302 GC heap before
{Heap before GC invocations=38 (full 0):
 garbage-first heap   total 1622016K, used 1445888K [0x00000006c0000000, 0x0000000800000000)
  region size 8192K, 40 young (327680K), 2 survivors (16384K)
 Metaspace       used 163345K, committed 165248K, reserved 1196032K
  class space    used 23381K, committed 24256K, reserved 1048576K
}
Event: 53.348 GC heap after
{Heap after GC invocations=39 (full 0):
 garbage-first heap   total 1622016K, used 1196032K [0x00000006c0000000, 0x0000000800000000)
  region size 8192K, 2 young (16384K), 2 survivors (16384K)
 Metaspace       used 163345K, committed 165248K, reserved 1196032K
  class space    used 23381K, committed 24256K, reserved 1048576K
}

