# JRE version: Java(TM) SE Runtime Environment (17.0.3.1+2) (build 17.0.3.1+2-LTS-6)
# Java VM: Java HotSpot(TM) 64-Bit Server VM (17.0.3.1+2-LTS-6, mixed mode, sharing, tiered, compressed oops, compressed class ptrs, g1 gc, windows-amd64)
GC Precious Log:
 CPUs: 4 total, 4 available
 Memory: 8140M
 Large Page Support: Disabled
 NUMA Support: Disabled
 Compressed Oops: Enabled (Zero based)
 Heap Region Size: 8M
 Heap Min Capacity: 1G
 Heap Initial Capacity: 1G
 Heap Max Capacity: 5G
 Pre-touch: Enabled
 Parallel Workers: 4
 Concurrent Workers: 1
 Concurrent Refinement Workers: 4
 Periodic GC: Disabled
Heap:
 garbage-first heap   total 1916928K, used 1491843K [0x00000006c0000000, 0x0000000800000000)
  region size 8192K, 51 young (417792K), 1 survivors (8192K)
 Metaspace       used 169454K, committed 171456K, reserved 1196032K
  class space    used 24065K, committed 24960K, reserved 1048576K
GC Heap History (20 events):
Event: 59.130 GC heap before
{Heap before GC invocations=36 (full 0):
 garbage-first heap   total 1916928K, used 1622016K [0x00000006c0000000, 0x0000000800000000)
  region size 8192K, 64 young (524288K), 2 survivors (16384K)
 Metaspace       used 152648K, committed 154368K, reserved 1187840K
  class space    used 22081K, committed 22848K, reserved 1048576K
}
Event: 59.213 GC heap after
{Heap after GC invocations=37 (full 0):
 garbage-first heap   total 1916928K, used 1052672K [0x00000006c0000000, 0x0000000800000000)
  region size 8192K, 3 young (24576K), 3 survivors (24576K)
 Metaspace       used 152648K, committed 154368K, reserved 1187840K
  class space    used 22081K, committed 22848K, reserved 1048576K
}
Event: 89.617 GC heap before
{Heap before GC invocations=37 (full 0):
 garbage-first heap   total 1916928K, used 1601536K [0x00000006c0000000, 0x0000000800000000)
  region size 8192K, 70 young (573440K), 3 survivors (24576K)
 Metaspace       used 163218K, committed 165184K, reserved 1196032K
  class space    used 23417K, committed 24320K, reserved 1048576K
}
Event: 89.671 GC heap after
{Heap after GC invocations=38 (full 0):
 garbage-first heap   total 1916928K, used 1064960K [0x00000006c0000000, 0x0000000800000000)
  region size 8192K, 2 young (16384K), 2 survivors (16384K)
 Metaspace       used 163218K, committed 165184K, reserved 1196032K
  class space    used 23417K, committed 24320K, reserved 1048576K
}
Event: 138.322 GC heap before
{Heap before GC invocations=38 (full 0):
 garbage-first heap   total 1916928K, used 1622016K [0x00000006c0000000, 0x0000000800000000)
  region size 8192K, 70 young (573440K), 2 survivors (16384K)
 Metaspace       used 164537K, committed 166464K, reserved 1196032K
  class space    used 23502K, committed 24384K, reserved 1048576K
}
Event: 138.354 GC heap after
{Heap after GC invocations=39 (full 0):
 garbage-first heap   total 1916928K, used 1084254K [0x00000006c0000000, 0x0000000800000000)
  region size 8192K, 2 young (16384K), 2 survivors (16384K)
 Metaspace       used 164537K, committed 166464K, reserved 1196032K
  class space    used 23502K, committed 24384K, reserved 1048576K
}
Event: 171.175 GC heap before
{Heap before GC invocations=40 (full 0):
 garbage-first heap   total 1916928K, used 1624926K [0x00000006c0000000, 0x0000000800000000)
  region size 8192K, 70 young (573440K), 2 survivors (16384K)
 Metaspace       used 165823K, committed 167744K, reserved 1196032K
  class space    used 23603K, committed 24512K, reserved 1048576K
}
Event: 171.220 GC heap after
{Heap after GC invocations=41 (full 0):
 garbage-first heap   total 1916928K, used 1117041K [0x00000006c0000000, 0x0000000800000000)
  region size 8192K, 3 young (24576K), 3 survivors (24576K)
 Metaspace       used 165823K, committed 167744K, reserved 1196032K
  class space    used 23603K, committed 24512K, reserved 1048576K
}
Event: 185.420 GC heap before
{Heap before GC invocations=41 (full 0):
 garbage-first heap   total 1916928K, used 1665905K [0x00000006c0000000, 0x0000000800000000)
  region size 8192K, 70 young (573440K), 3 survivors (24576K)
 Metaspace       used 166638K, committed 168576K, reserved 1196032K
  class space    used 23707K, committed 24576K, reserved 1048576K
}
Event: 185.483 GC heap after
{Heap after GC invocations=42 (full 0):
 garbage-first heap   total 1916928K, used 1022830K [0x00000006c0000000, 0x0000000800000000)
  region size 8192K, 3 young (24576K), 3 survivors (24576K)
 Metaspace       used 166638K, committed 168576K, reserved 1196032K
  class space    used 23707K, committed 24576K, reserved 1048576K
}
Event: 190.283 GC heap before
{Heap before GC invocations=42 (full 0):
 garbage-first heap   total 1916928K, used 1571694K [0x00000006c0000000, 0x0000000800000000)
  region size 8192K, 70 young (573440K), 3 survivors (24576K)
 Metaspace       used 167336K, committed 169344K, reserved 1196032K
  class space    used 23798K, committed 24704K, reserved 1048576K
}
Event: 190.371 GC heap after
{Heap after GC invocations=43 (full 0):
 garbage-first heap   total 1916928K, used 959165K [0x00000006c0000000, 0x0000000800000000)
  region size 8192K, 3 young (24576K), 3 survivors (24576K)
 Metaspace       used 167336K, committed 169344K, reserved 1196032K
  class space    used 23798K, committed 24704K, reserved 1048576K
}
Event: 195.100 GC heap before
{Heap before GC invocations=43 (full 0):
 garbage-first heap   total 1916928K, used 1508029K [0x00000006c0000000, 0x0000000800000000)
  region size 8192K, 70 young (573440K), 3 survivors (24576K)
 Metaspace       used 168715K, committed 170688K, reserved 1196032K
  class space    used 23987K, committed 24896K, reserved 1048576K
}
Event: 195.149 GC heap after
{Heap after GC invocations=44 (full 0):
 garbage-first heap   total 1916928K, used 987136K [0x00000006c0000000, 0x0000000800000000)
  region size 8192K, 3 young (24576K), 3 survivors (24576K)
 Metaspace       used 168715K, committed 170688K, reserved 1196032K
  class space    used 23987K, committed 24896K, reserved 1048576K
}
Event: 282.818 GC heap before
{Heap before GC invocations=45 (full 0):
 garbage-first heap   total 1916928K, used 1585152K [0x00000006c0000000, 0x0000000800000000)
  region size 8192K, 70 young (573440K), 3 survivors (24576K)
 Metaspace       used 169269K, committed 171264K, reserved 1196032K
  class space    used 24047K, committed 24960K, reserved 1048576K
}
Event: 282.846 GC heap after
{Heap after GC invocations=46 (full 0):
 garbage-first heap   total 1916928K, used 1064960K [0x00000006c0000000, 0x0000000800000000)
  region size 8192K, 3 young (24576K), 3 survivors (24576K)
 Metaspace       used 169269K, committed 171264K, reserved 1196032K
  class space    used 24047K, committed 24960K, reserved 1048576K
}
Event: 283.165 GC heap before
{Heap before GC invocations=46 (full 0):
 garbage-first heap   total 1916928K, used 1613824K [0x00000006c0000000, 0x0000000800000000)
  region size 8192K, 70 young (573440K), 3 survivors (24576K)
 Metaspace       used 169269K, committed 171264K, reserved 1196032K
  class space    used 24047K, committed 24960K, reserved 1048576K
}
Event: 283.197 GC heap after
{Heap after GC invocations=47 (full 0):
 garbage-first heap   total 1916928K, used 1042291K [0x00000006c0000000, 0x0000000800000000)
  region size 8192K, 1 young (8192K), 1 survivors (8192K)
 Metaspace       used 169269K, committed 171264K, reserved 1196032K
  class space    used 24047K, committed 24960K, reserved 1048576K
}
Event: 287.717 GC heap before
{Heap before GC invocations=47 (full 0):
 garbage-first heap   total 1916928K, used 1607539K [0x00000006c0000000, 0x0000000800000000)
  region size 8192K, 70 young (573440K), 1 survivors (8192K)
 Metaspace       used 169440K, committed 171456K, reserved 1196032K
  class space    used 24064K, committed 24960K, reserved 1048576K
}
Event: 287.723 GC heap after
{Heap after GC invocations=48 (full 0):
 garbage-first heap   total 1916928K, used 1049475K [0x00000006c0000000, 0x0000000800000000)
  region size 8192K, 1 young (8192K), 1 survivors (8192K)
 Metaspace       used 169440K, committed 171456K, reserved 1196032K
  class space    used 24064K, committed 24960K, reserved 1048576K
}

